2018-02-01 15:51:34.164  INFO 18564 --- [restartedMain] c.qzh.personalCenter.PersonalCenterApp   : The following profiles are active: dev
2018-02-01 15:51:34.203  INFO 18564 --- [restartedMain] ationConfigEmbeddedWebApplicationContext : Refreshing org.springframework.boot.context.embedded.AnnotationConfigEmbeddedWebApplicationContext@70567062: startup date [Thu Feb 01 15:51:34 CST 2018]; parent: org.springframework.context.annotation.AnnotationConfigApplicationContext@21d95a20
2018-02-01 15:51:37.066  INFO 18564 --- [restartedMain] .s.d.r.c.RepositoryConfigurationDelegate : Multiple Spring Data modules found, entering strict repository configuration mode!
2018-02-01 15:51:37.581  INFO 18564 --- [restartedMain] o.s.cloud.context.scope.GenericScope     : BeanFactory id=956dcef5-3061-362a-8e2d-bb8485297e4d
2018-02-01 15:51:37.603  INFO 18564 --- [restartedMain] f.a.AutowiredAnnotationBeanPostProcessor : JSR-330 'javax.inject.Inject' annotation found and supported for autowiring
2018-02-01 15:51:37.822  INFO 18564 --- [restartedMain] trationDelegate$BeanPostProcessorChecker : Bean 'org.springframework.transaction.annotation.ProxyTransactionManagementConfiguration' of type [org.springframework.transaction.annotation.ProxyTransactionManagementConfiguration$$EnhancerBySpringCGLIB$$25c8d335] is not eligible for getting processed by all BeanPostProcessors (for example: not eligible for auto-proxying)
2018-02-01 15:51:37.944  INFO 18564 --- [restartedMain] trationDelegate$BeanPostProcessorChecker : Bean 'org.springframework.cloud.netflix.metrics.MetricsInterceptorConfiguration$MetricsRestTemplateConfiguration' of type [org.springframework.cloud.netflix.metrics.MetricsInterceptorConfiguration$MetricsRestTemplateConfiguration$$EnhancerBySpringCGLIB$$57f57976] is not eligible for getting processed by all BeanPostProcessors (for example: not eligible for auto-proxying)
2018-02-01 15:51:37.959  INFO 18564 --- [restartedMain] trationDelegate$BeanPostProcessorChecker : Bean 'org.springframework.cloud.autoconfigure.ConfigurationPropertiesRebinderAutoConfiguration' of type [org.springframework.cloud.autoconfigure.ConfigurationPropertiesRebinderAutoConfiguration$$EnhancerBySpringCGLIB$$41e2d632] is not eligible for getting processed by all BeanPostProcessors (for example: not eligible for auto-proxying)
2018-02-01 15:51:38.571  INFO 18564 --- [restartedMain] s.b.c.e.t.TomcatEmbeddedServletContainer : Tomcat initialized with port(s): 8860 (http)
2018-02-01 15:51:38.583  INFO 18564 --- [restartedMain] o.apache.catalina.core.StandardService   : Starting service [Tomcat]
2018-02-01 15:51:38.584  INFO 18564 --- [restartedMain] org.apache.catalina.core.StandardEngine  : Starting Servlet Engine: Apache Tomcat/8.5.23
2018-02-01 15:51:38.724  INFO 18564 --- [localhost-startStop-1] o.a.c.c.C.[Tomcat].[localhost].[/]       : Initializing Spring embedded WebApplicationContext
2018-02-01 15:51:38.725  INFO 18564 --- [localhost-startStop-1] o.s.web.context.ContextLoader            : Root WebApplicationContext: initialization completed in 4522 ms
2018-02-01 15:51:39.126  INFO 18564 --- [localhost-startStop-1] o.s.b.w.servlet.ServletRegistrationBean  : Mapping servlet: 'dispatcherServlet' to [/]
2018-02-01 15:51:39.132  INFO 18564 --- [localhost-startStop-1] o.s.b.w.servlet.FilterRegistrationBean   : Mapping filter: 'metricsFilter' to: [/*]
2018-02-01 15:51:39.133  INFO 18564 --- [localhost-startStop-1] o.s.b.w.servlet.FilterRegistrationBean   : Mapping filter: 'characterEncodingFilter' to: [/*]
2018-02-01 15:51:39.133  INFO 18564 --- [localhost-startStop-1] o.s.b.w.servlet.FilterRegistrationBean   : Mapping filter: 'hiddenHttpMethodFilter' to: [/*]
2018-02-01 15:51:39.134  INFO 18564 --- [localhost-startStop-1] o.s.b.w.servlet.FilterRegistrationBean   : Mapping filter: 'httpPutFormContentFilter' to: [/*]
2018-02-01 15:51:39.134  INFO 18564 --- [localhost-startStop-1] o.s.b.w.servlet.FilterRegistrationBean   : Mapping filter: 'requestContextFilter' to: [/*]
2018-02-01 15:51:39.134  INFO 18564 --- [localhost-startStop-1] o.s.b.w.servlet.FilterRegistrationBean   : Mapping filter: 'webRequestLoggingFilter' to: [/*]
2018-02-01 15:51:39.134  INFO 18564 --- [localhost-startStop-1] o.s.b.w.servlet.FilterRegistrationBean   : Mapping filter: 'applicationContextIdFilter' to: [/*]
2018-02-01 15:51:39.551  INFO 18564 --- [restartedMain] s.c.a.AnnotationConfigApplicationContext : Refreshing org.springframework.context.annotation.AnnotationConfigApplicationContext@127cce49: startup date [Thu Feb 01 15:51:39 CST 2018]; parent: org.springframework.boot.context.embedded.AnnotationConfigEmbeddedWebApplicationContext@70567062
2018-02-01 15:51:39.592  INFO 18564 --- [restartedMain] f.a.AutowiredAnnotationBeanPostProcessor : JSR-330 'javax.inject.Inject' annotation found and supported for autowiring
2018-02-01 15:51:40.390  WARN 18564 --- [restartedMain] c.n.c.sources.URLConfigurationSource     : No URLs will be polled as dynamic configuration sources.
2018-02-01 15:51:40.390  INFO 18564 --- [restartedMain] c.n.c.sources.URLConfigurationSource     : To enable URLs as dynamic configuration sources, define System property archaius.configurationSource.additionalUrls or make config.properties available on classpath.
2018-02-01 15:51:40.396  WARN 18564 --- [restartedMain] c.n.c.sources.URLConfigurationSource     : No URLs will be polled as dynamic configuration sources.
2018-02-01 15:51:40.397  INFO 18564 --- [restartedMain] c.n.c.sources.URLConfigurationSource     : To enable URLs as dynamic configuration sources, define System property archaius.configurationSource.additionalUrls or make config.properties available on classpath.
2018-02-01 15:51:40.720  INFO 18564 --- [restartedMain] s.w.s.m.m.a.RequestMappingHandlerAdapter : Looking for @ControllerAdvice: org.springframework.boot.context.embedded.AnnotationConfigEmbeddedWebApplicationContext@70567062: startup date [Thu Feb 01 15:51:34 CST 2018]; parent: org.springframework.context.annotation.AnnotationConfigApplicationContext@21d95a20
2018-02-01 15:51:40.830  INFO 18564 --- [restartedMain] s.w.s.m.m.a.RequestMappingHandlerMapping : Mapped "{[/myFootprint/list]}" onto public com.huidong.qzh.util.common.util.QzhResult com.qzh.personalCenter.controller.MyFootprintController.listMyFootprint(java.lang.Integer)
2018-02-01 15:51:40.831  INFO 18564 --- [restartedMain] s.w.s.m.m.a.RequestMappingHandlerMapping : Mapped "{[/myFootprint/add]}" onto public com.huidong.qzh.util.common.util.QzhResult com.qzh.personalCenter.controller.MyFootprintController.addMyFootprint(java.lang.Integer,java.lang.Integer)
2018-02-01 15:51:40.831  INFO 18564 --- [restartedMain] s.w.s.m.m.a.RequestMappingHandlerMapping : Mapped "{[/myFootprint/delete]}" onto public com.huidong.qzh.util.common.util.QzhResult com.qzh.personalCenter.controller.MyFootprintController.deleteMyFootprint(java.lang.String)
2018-02-01 15:51:40.834  INFO 18564 --- [restartedMain] s.w.s.m.m.a.RequestMappingHandlerMapping : Mapped "{[/error]}" onto public org.springframework.http.ResponseEntity<java.util.Map<java.lang.String, java.lang.Object>> org.springframework.boot.autoconfigure.web.BasicErrorController.error(javax.servlet.http.HttpServletRequest)
2018-02-01 15:51:40.834  INFO 18564 --- [restartedMain] s.w.s.m.m.a.RequestMappingHandlerMapping : Mapped "{[/error],produces=[text/html]}" onto public org.springframework.web.servlet.ModelAndView org.springframework.boot.autoconfigure.web.BasicErrorController.errorHtml(javax.servlet.http.HttpServletRequest,javax.servlet.http.HttpServletResponse)
2018-02-01 15:51:40.889  INFO 18564 --- [restartedMain] o.s.w.s.handler.SimpleUrlHandlerMapping  : Mapped URL path [/webjars/**] onto handler of type [class org.springframework.web.servlet.resource.ResourceHttpRequestHandler]
2018-02-01 15:51:40.889  INFO 18564 --- [restartedMain] o.s.w.s.handler.SimpleUrlHandlerMapping  : Mapped URL path [/**] onto handler of type [class org.springframework.web.servlet.resource.ResourceHttpRequestHandler]
2018-02-01 15:51:40.959  INFO 18564 --- [restartedMain] o.s.w.s.handler.SimpleUrlHandlerMapping  : Mapped URL path [/**/favicon.ico] onto handler of type [class org.springframework.web.servlet.resource.ResourceHttpRequestHandler]
2018-02-01 15:51:42.377  INFO 18564 --- [restartedMain] org.mongodb.driver.cluster               : Cluster created with settings {hosts=[192.168.60.21:27017], mode=SINGLE, requiredClusterType=UNKNOWN, serverSelectionTimeout='30000 ms', maxWaitQueueSize=500}
2018-02-01 15:51:42.476  INFO 18564 --- [cluster-ClusterId{value='5a72c70e6890ff4884e55bfd', description='null'}-192.168.60.21:27017] org.mongodb.driver.connection            : Opened connection [connectionId{localValue:1, serverValue:331936}] to 192.168.60.21:27017
2018-02-01 15:51:42.480  INFO 18564 --- [cluster-ClusterId{value='5a72c70e6890ff4884e55bfd', description='null'}-192.168.60.21:27017] org.mongodb.driver.cluster               : Monitor thread successfully connected to server with description ServerDescription{address=192.168.60.21:27017, type=STANDALONE, state=CONNECTED, ok=true, version=ServerVersion{versionList=[3, 4, 0]}, minWireVersion=0, maxWireVersion=5, maxDocumentSize=16777216, roundTripTimeNanos=1847183}
2018-02-01 15:51:43.112  INFO 18564 --- [restartedMain] o.s.b.a.e.mvc.EndpointHandlerMapping     : Mapped "{[/beans || /beans.json],methods=[GET],produces=[application/vnd.spring-boot.actuator.v1+json || application/json]}" onto public java.lang.Object org.springframework.boot.actuate.endpoint.mvc.EndpointMvcAdapter.invoke()
2018-02-01 15:51:43.113  INFO 18564 --- [restartedMain] o.s.b.a.e.mvc.EndpointHandlerMapping     : Mapped "{[/metrics/{name:.*}],methods=[GET],produces=[application/vnd.spring-boot.actuator.v1+json || application/json]}" onto public java.lang.Object org.springframework.boot.actuate.endpoint.mvc.MetricsMvcEndpoint.value(java.lang.String)
2018-02-01 15:51:43.113  INFO 18564 --- [restartedMain] o.s.b.a.e.mvc.EndpointHandlerMapping     : Mapped "{[/metrics || /metrics.json],methods=[GET],produces=[application/vnd.spring-boot.actuator.v1+json || application/json]}" onto public java.lang.Object org.springframework.boot.actuate.endpoint.mvc.EndpointMvcAdapter.invoke()
2018-02-01 15:51:43.114  INFO 18564 --- [restartedMain] o.s.b.a.e.mvc.EndpointHandlerMapping     : Mapped "{[/auditevents || /auditevents.json],methods=[GET],produces=[application/vnd.spring-boot.actuator.v1+json || application/json]}" onto public org.springframework.http.ResponseEntity<?> org.springframework.boot.actuate.endpoint.mvc.AuditEventsMvcEndpoint.findByPrincipalAndAfterAndType(java.lang.String,java.util.Date,java.lang.String)
2018-02-01 15:51:43.114  INFO 18564 --- [restartedMain] o.s.b.a.e.mvc.EndpointHandlerMapping     : Mapped "{[/dump || /dump.json],methods=[GET],produces=[application/vnd.spring-boot.actuator.v1+json || application/json]}" onto public java.lang.Object org.springframework.boot.actuate.endpoint.mvc.EndpointMvcAdapter.invoke()
2018-02-01 15:51:43.117  INFO 18564 --- [restartedMain] o.s.b.a.e.mvc.EndpointHandlerMapping     : Mapped "{[/loggers/{name:.*}],methods=[GET],produces=[application/vnd.spring-boot.actuator.v1+json || application/json]}" onto public java.lang.Object org.springframework.boot.actuate.endpoint.mvc.LoggersMvcEndpoint.get(java.lang.String)
2018-02-01 15:51:43.117  INFO 18564 --- [restartedMain] o.s.b.a.e.mvc.EndpointHandlerMapping     : Mapped "{[/loggers/{name:.*}],methods=[POST],consumes=[application/vnd.spring-boot.actuator.v1+json || application/json],produces=[application/vnd.spring-boot.actuator.v1+json || application/json]}" onto public java.lang.Object org.springframework.boot.actuate.endpoint.mvc.LoggersMvcEndpoint.set(java.lang.String,java.util.Map<java.lang.String, java.lang.String>)
2018-02-01 15:51:43.117  INFO 18564 --- [restartedMain] o.s.b.a.e.mvc.EndpointHandlerMapping     : Mapped "{[/loggers || /loggers.json],methods=[GET],produces=[application/vnd.spring-boot.actuator.v1+json || application/json]}" onto public java.lang.Object org.springframework.boot.actuate.endpoint.mvc.EndpointMvcAdapter.invoke()
2018-02-01 15:51:43.118  INFO 18564 --- [restartedMain] o.s.b.a.e.mvc.EndpointHandlerMapping     : Mapped "{[/env],methods=[POST]}" onto public java.lang.Object org.springframework.cloud.context.environment.EnvironmentManagerMvcEndpoint.value(java.util.Map<java.lang.String, java.lang.String>)
2018-02-01 15:51:43.118  INFO 18564 --- [restartedMain] o.s.b.a.e.mvc.EndpointHandlerMapping     : Mapped "{[/env/reset],methods=[POST]}" onto public java.util.Map<java.lang.String, java.lang.Object> org.springframework.cloud.context.environment.EnvironmentManagerMvcEndpoint.reset()
2018-02-01 15:51:43.119  INFO 18564 --- [restartedMain] o.s.b.a.e.mvc.EndpointHandlerMapping     : Mapped "{[/info || /info.json],methods=[GET],produces=[application/vnd.spring-boot.actuator.v1+json || application/json]}" onto public java.lang.Object org.springframework.boot.actuate.endpoint.mvc.EndpointMvcAdapter.invoke()
2018-02-01 15:51:43.119  INFO 18564 --- [restartedMain] o.s.b.a.e.mvc.EndpointHandlerMapping     : Mapped "{[/autoconfig || /autoconfig.json],methods=[GET],produces=[application/vnd.spring-boot.actuator.v1+json || application/json]}" onto public java.lang.Object org.springframework.boot.actuate.endpoint.mvc.EndpointMvcAdapter.invoke()
2018-02-01 15:51:43.120  INFO 18564 --- [restartedMain] o.s.b.a.e.mvc.EndpointHandlerMapping     : Mapped "{[/mappings || /mappings.json],methods=[GET],produces=[application/vnd.spring-boot.actuator.v1+json || application/json]}" onto public java.lang.Object org.springframework.boot.actuate.endpoint.mvc.EndpointMvcAdapter.invoke()
2018-02-01 15:51:43.120  INFO 18564 --- [restartedMain] o.s.b.a.e.mvc.EndpointHandlerMapping     : Mapped "{[/features || /features.json],methods=[GET],produces=[application/vnd.spring-boot.actuator.v1+json || application/json]}" onto public java.lang.Object org.springframework.boot.actuate.endpoint.mvc.EndpointMvcAdapter.invoke()
2018-02-01 15:51:43.120  INFO 18564 --- [restartedMain] o.s.b.a.e.mvc.EndpointHandlerMapping     : Mapped "{[/refresh || /refresh.json],methods=[POST]}" onto public java.lang.Object org.springframework.cloud.endpoint.GenericPostableMvcEndpoint.invoke()
2018-02-01 15:51:43.122  INFO 18564 --- [restartedMain] o.s.b.a.e.mvc.EndpointHandlerMapping     : Mapped "{[/service-registry/instance-status],methods=[GET]}" onto public org.springframework.http.ResponseEntity org.springframework.cloud.client.serviceregistry.endpoint.ServiceRegistryEndpoint.getStatus()
2018-02-01 15:51:43.122  INFO 18564 --- [restartedMain] o.s.b.a.e.mvc.EndpointHandlerMapping     : Mapped "{[/service-registry/instance-status],methods=[POST]}" onto public org.springframework.http.ResponseEntity<?> org.springframework.cloud.client.serviceregistry.endpoint.ServiceRegistryEndpoint.setStatus(java.lang.String)
2018-02-01 15:51:43.123  INFO 18564 --- [restartedMain] o.s.b.a.e.mvc.EndpointHandlerMapping     : Mapped "{[/trace || /trace.json],methods=[GET],produces=[application/vnd.spring-boot.actuator.v1+json || application/json]}" onto public java.lang.Object org.springframework.boot.actuate.endpoint.mvc.EndpointMvcAdapter.invoke()
2018-02-01 15:51:43.123  INFO 18564 --- [restartedMain] o.s.b.a.e.mvc.EndpointHandlerMapping     : Mapped "{[/archaius || /archaius.json],methods=[GET],produces=[application/vnd.spring-boot.actuator.v1+json || application/json]}" onto public java.lang.Object org.springframework.boot.actuate.endpoint.mvc.EndpointMvcAdapter.invoke()
2018-02-01 15:51:43.124  INFO 18564 --- [restartedMain] o.s.b.a.e.mvc.EndpointHandlerMapping     : Mapped "{[/health || /health.json],methods=[GET],produces=[application/vnd.spring-boot.actuator.v1+json || application/json]}" onto public java.lang.Object org.springframework.boot.actuate.endpoint.mvc.HealthMvcEndpoint.invoke(javax.servlet.http.HttpServletRequest,java.security.Principal)
2018-02-01 15:51:43.125  INFO 18564 --- [restartedMain] o.s.b.a.e.mvc.EndpointHandlerMapping     : Mapped "{[/heapdump || /heapdump.json],methods=[GET],produces=[application/octet-stream]}" onto public void org.springframework.boot.actuate.endpoint.mvc.HeapdumpMvcEndpoint.invoke(boolean,javax.servlet.http.HttpServletRequest,javax.servlet.http.HttpServletResponse) throws java.io.IOException,javax.servlet.ServletException
2018-02-01 15:51:43.126  INFO 18564 --- [restartedMain] o.s.b.a.e.mvc.EndpointHandlerMapping     : Mapped "{[/env/{name:.*}],methods=[GET],produces=[application/vnd.spring-boot.actuator.v1+json || application/json]}" onto public java.lang.Object org.springframework.boot.actuate.endpoint.mvc.EnvironmentMvcEndpoint.value(java.lang.String)
2018-02-01 15:51:43.126  INFO 18564 --- [restartedMain] o.s.b.a.e.mvc.EndpointHandlerMapping     : Mapped "{[/env || /env.json],methods=[GET],produces=[application/vnd.spring-boot.actuator.v1+json || application/json]}" onto public java.lang.Object org.springframework.boot.actuate.endpoint.mvc.EndpointMvcAdapter.invoke()
2018-02-01 15:51:43.127  INFO 18564 --- [restartedMain] o.s.b.a.e.mvc.EndpointHandlerMapping     : Mapped "{[/logfile || /logfile.json],methods=[GET || HEAD]}" onto public void org.springframework.boot.actuate.endpoint.mvc.LogFileMvcEndpoint.invoke(javax.servlet.http.HttpServletRequest,javax.servlet.http.HttpServletResponse) throws javax.servlet.ServletException,java.io.IOException
2018-02-01 15:51:43.127  INFO 18564 --- [restartedMain] o.s.b.a.e.mvc.EndpointHandlerMapping     : Mapped "{[/configprops || /configprops.json],methods=[GET],produces=[application/vnd.spring-boot.actuator.v1+json || application/json]}" onto public java.lang.Object org.springframework.boot.actuate.endpoint.mvc.EndpointMvcAdapter.invoke()
2018-02-01 15:51:43.374  WARN 18564 --- [restartedMain] o.s.b.d.a.OptionalLiveReloadServer       : Unable to start LiveReload server
2018-02-01 15:51:43.498  WARN 18564 --- [restartedMain] arterDeprecationWarningAutoConfiguration : spring-cloud-starter-eureka is deprecated as of Spring Cloud Netflix 1.4.0, please migrate to spring-cloud-starter-netflix-eureka
2018-02-01 15:51:43.874  INFO 18564 --- [restartedMain] o.s.j.e.a.AnnotationMBeanExporter        : Registering beans for JMX exposure on startup
2018-02-01 15:51:43.876  INFO 18564 --- [restartedMain] o.s.j.e.a.AnnotationMBeanExporter        : Bean with name 'dataSource' has been autodetected for JMX exposure
2018-02-01 15:51:43.884  INFO 18564 --- [restartedMain] o.s.j.e.a.AnnotationMBeanExporter        : Bean with name 'environmentManager' has been autodetected for JMX exposure
2018-02-01 15:51:43.889  INFO 18564 --- [restartedMain] o.s.j.e.a.AnnotationMBeanExporter        : Bean with name 'configurationPropertiesRebinder' has been autodetected for JMX exposure
2018-02-01 15:51:43.889  INFO 18564 --- [restartedMain] o.s.j.e.a.AnnotationMBeanExporter        : Bean with name 'refreshEndpoint' has been autodetected for JMX exposure
2018-02-01 15:51:43.890  INFO 18564 --- [restartedMain] o.s.j.e.a.AnnotationMBeanExporter        : Bean with name 'serviceRegistryEndpoint' has been autodetected for JMX exposure
2018-02-01 15:51:43.891  INFO 18564 --- [restartedMain] o.s.j.e.a.AnnotationMBeanExporter        : Bean with name 'refreshScope' has been autodetected for JMX exposure
2018-02-01 15:51:43.894  INFO 18564 --- [restartedMain] o.s.j.e.a.AnnotationMBeanExporter        : Located managed bean 'environmentManager': registering with JMX server as MBean [org.springframework.cloud.context.environment:name=environmentManager,type=EnvironmentManager]
2018-02-01 15:51:43.907  INFO 18564 --- [restartedMain] o.s.j.e.a.AnnotationMBeanExporter        : Located managed bean 'serviceRegistryEndpoint': registering with JMX server as MBean [org.springframework.cloud.client.serviceregistry.endpoint:name=serviceRegistryEndpoint,type=ServiceRegistryEndpoint]
2018-02-01 15:51:43.914  INFO 18564 --- [restartedMain] o.s.j.e.a.AnnotationMBeanExporter        : Located managed bean 'refreshScope': registering with JMX server as MBean [org.springframework.cloud.context.scope.refresh:name=refreshScope,type=RefreshScope]
2018-02-01 15:51:43.930  INFO 18564 --- [restartedMain] o.s.j.e.a.AnnotationMBeanExporter        : Located managed bean 'configurationPropertiesRebinder': registering with JMX server as MBean [org.springframework.cloud.context.properties:name=configurationPropertiesRebinder,context=70567062,type=ConfigurationPropertiesRebinder]
2018-02-01 15:51:43.936  INFO 18564 --- [restartedMain] o.s.j.e.a.AnnotationMBeanExporter        : Located MBean 'dataSource': registering with JMX server as MBean [com.alibaba.druid.pool:name=dataSource,type=DruidDataSource]
2018-02-01 15:51:43.938  INFO 18564 --- [restartedMain] o.s.j.e.a.AnnotationMBeanExporter        : Located managed bean 'refreshEndpoint': registering with JMX server as MBean [org.springframework.cloud.endpoint:name=refreshEndpoint,type=RefreshEndpoint]
2018-02-01 15:51:43.953  INFO 18564 --- [restartedMain] o.s.c.support.DefaultLifecycleProcessor  : Starting beans in phase 0
2018-02-01 15:51:43.960  INFO 18564 --- [restartedMain] o.s.c.n.eureka.InstanceInfoFactory       : Setting initial instance status as: STARTING
2018-02-01 15:51:43.996  INFO 18564 --- [restartedMain] com.netflix.discovery.DiscoveryClient    : Initializing Eureka in region us-east-1
2018-02-01 15:51:44.076  INFO 18564 --- [restartedMain] c.n.d.provider.DiscoveryJerseyProvider   : Using JSON encoding codec LegacyJacksonJson
2018-02-01 15:51:44.076  INFO 18564 --- [restartedMain] c.n.d.provider.DiscoveryJerseyProvider   : Using JSON decoding codec LegacyJacksonJson
2018-02-01 15:51:44.188  INFO 18564 --- [restartedMain] c.n.d.provider.DiscoveryJerseyProvider   : Using XML encoding codec XStreamXml
2018-02-01 15:51:44.188  INFO 18564 --- [restartedMain] c.n.d.provider.DiscoveryJerseyProvider   : Using XML decoding codec XStreamXml
2018-02-01 15:51:44.505  INFO 18564 --- [restartedMain] c.n.d.s.r.aws.ConfigClusterResolver      : Resolving eureka endpoints via configuration
2018-02-01 15:51:44.607  INFO 18564 --- [restartedMain] com.netflix.discovery.DiscoveryClient    : Disable delta property : false
2018-02-01 15:51:44.607  INFO 18564 --- [restartedMain] com.netflix.discovery.DiscoveryClient    : Single vip registry refresh property : null
2018-02-01 15:51:44.607  INFO 18564 --- [restartedMain] com.netflix.discovery.DiscoveryClient    : Force full registry fetch : false
2018-02-01 15:51:44.607  INFO 18564 --- [restartedMain] com.netflix.discovery.DiscoveryClient    : Application is null : false
2018-02-01 15:51:44.607  INFO 18564 --- [restartedMain] com.netflix.discovery.DiscoveryClient    : Registered Applications size is zero : true
2018-02-01 15:51:44.607  INFO 18564 --- [restartedMain] com.netflix.discovery.DiscoveryClient    : Application version is -1: true
2018-02-01 15:51:44.607  INFO 18564 --- [restartedMain] com.netflix.discovery.DiscoveryClient    : Getting all instance registry info from the eureka server
2018-02-01 15:51:44.795  INFO 18564 --- [restartedMain] com.netflix.discovery.DiscoveryClient    : The response status is 200
2018-02-01 15:51:44.796  INFO 18564 --- [restartedMain] com.netflix.discovery.DiscoveryClient    : Starting heartbeat executor: renew interval is: 30
2018-02-01 15:51:44.799  INFO 18564 --- [restartedMain] c.n.discovery.InstanceInfoReplicator     : InstanceInfoReplicator onDemand update allowed rate per min is 4
2018-02-01 15:51:44.801  INFO 18564 --- [restartedMain] com.netflix.discovery.DiscoveryClient    : Discovery Client initialized at timestamp 1517471504801 with initial instances count: 2
2018-02-01 15:51:44.812  INFO 18564 --- [restartedMain] o.s.c.n.e.s.EurekaServiceRegistry        : Registering application qzh-personalCenter with eureka with status UP
2018-02-01 15:51:44.813  INFO 18564 --- [restartedMain] com.netflix.discovery.DiscoveryClient    : Saw local status change event StatusChangeEvent [timestamp=1517471504813, current=UP, previous=STARTING]
2018-02-01 15:51:44.814  INFO 18564 --- [DiscoveryClient-InstanceInfoReplicator-0] com.netflix.discovery.DiscoveryClient    : DiscoveryClient_QZH-PERSONALCENTER/DESKTOP-7KG6M4Q:qzh-personalCenter:8860: registering service...
2018-02-01 15:51:44.850  INFO 18564 --- [DiscoveryClient-InstanceInfoReplicator-0] com.netflix.discovery.DiscoveryClient    : DiscoveryClient_QZH-PERSONALCENTER/DESKTOP-7KG6M4Q:qzh-personalCenter:8860 - registration status: 204
2018-02-01 15:51:44.927  INFO 18564 --- [restartedMain] s.b.c.e.t.TomcatEmbeddedServletContainer : Tomcat started on port(s): 8860 (http)
2018-02-01 15:51:44.928  INFO 18564 --- [restartedMain] .s.c.n.e.s.EurekaAutoServiceRegistration : Updating port to 8860
2018-02-01 15:51:44.932  INFO 18564 --- [restartedMain] c.qzh.personalCenter.PersonalCenterApp   : Started PersonalCenterApp in 13.988 seconds (JVM running for 15.884)
2018-02-01 15:51:45.188  INFO 18564 --- [RMI TCP Connection(4)-192.168.120.14] org.mongodb.driver.connection            : Opened connection [connectionId{localValue:2, serverValue:331937}] to 192.168.60.21:27017
2018-02-01 15:51:45.248  INFO 18564 --- [RMI TCP Connection(4)-192.168.120.14] com.alibaba.druid.pool.DruidDataSource   : {dataSource-1} inited
2018-02-01 15:56:44.610  INFO 18564 --- [AsyncResolver-bootstrap-executor-0] c.n.d.s.r.aws.ConfigClusterResolver      : Resolving eureka endpoints via configuration
2018-02-01 16:01:44.616  INFO 18564 --- [AsyncResolver-bootstrap-executor-0] c.n.d.s.r.aws.ConfigClusterResolver      : Resolving eureka endpoints via configuration
2018-02-01 16:06:44.619  INFO 18564 --- [AsyncResolver-bootstrap-executor-0] c.n.d.s.r.aws.ConfigClusterResolver      : Resolving eureka endpoints via configuration
2018-02-01 16:11:44.621  INFO 18564 --- [AsyncResolver-bootstrap-executor-0] c.n.d.s.r.aws.ConfigClusterResolver      : Resolving eureka endpoints via configuration
2018-02-01 16:16:44.625  INFO 18564 --- [AsyncResolver-bootstrap-executor-0] c.n.d.s.r.aws.ConfigClusterResolver      : Resolving eureka endpoints via configuration
2018-02-01 16:21:44.626  INFO 18564 --- [AsyncResolver-bootstrap-executor-0] c.n.d.s.r.aws.ConfigClusterResolver      : Resolving eureka endpoints via configuration
2018-02-01 16:26:44.627  INFO 18564 --- [AsyncResolver-bootstrap-executor-0] c.n.d.s.r.aws.ConfigClusterResolver      : Resolving eureka endpoints via configuration
2018-02-01 16:31:44.629  INFO 18564 --- [AsyncResolver-bootstrap-executor-0] c.n.d.s.r.aws.ConfigClusterResolver      : Resolving eureka endpoints via configuration
2018-02-01 16:36:44.631  INFO 18564 --- [AsyncResolver-bootstrap-executor-0] c.n.d.s.r.aws.ConfigClusterResolver      : Resolving eureka endpoints via configuration
2018-02-01 16:41:44.632  INFO 18564 --- [AsyncResolver-bootstrap-executor-0] c.n.d.s.r.aws.ConfigClusterResolver      : Resolving eureka endpoints via configuration
2018-02-01 16:46:44.636  INFO 18564 --- [AsyncResolver-bootstrap-executor-0] c.n.d.s.r.aws.ConfigClusterResolver      : Resolving eureka endpoints via configuration
2018-02-01 16:51:44.637  INFO 18564 --- [AsyncResolver-bootstrap-executor-0] c.n.d.s.r.aws.ConfigClusterResolver      : Resolving eureka endpoints via configuration
2018-02-01 16:56:44.641  INFO 18564 --- [AsyncResolver-bootstrap-executor-0] c.n.d.s.r.aws.ConfigClusterResolver      : Resolving eureka endpoints via configuration
2018-02-01 17:01:44.643  INFO 18564 --- [AsyncResolver-bootstrap-executor-0] c.n.d.s.r.aws.ConfigClusterResolver      : Resolving eureka endpoints via configuration
2018-02-01 17:06:44.643  INFO 18564 --- [AsyncResolver-bootstrap-executor-0] c.n.d.s.r.aws.ConfigClusterResolver      : Resolving eureka endpoints via configuration
2018-02-01 17:11:44.645  INFO 18564 --- [AsyncResolver-bootstrap-executor-0] c.n.d.s.r.aws.ConfigClusterResolver      : Resolving eureka endpoints via configuration
2018-02-01 17:16:44.647  INFO 18564 --- [AsyncResolver-bootstrap-executor-0] c.n.d.s.r.aws.ConfigClusterResolver      : Resolving eureka endpoints via configuration
2018-02-01 17:21:44.650  INFO 18564 --- [AsyncResolver-bootstrap-executor-0] c.n.d.s.r.aws.ConfigClusterResolver      : Resolving eureka endpoints via configuration
2018-02-01 17:26:44.659  INFO 18564 --- [AsyncResolver-bootstrap-executor-0] c.n.d.s.r.aws.ConfigClusterResolver      : Resolving eureka endpoints via configuration
2018-02-01 17:31:44.666  INFO 18564 --- [AsyncResolver-bootstrap-executor-0] c.n.d.s.r.aws.ConfigClusterResolver      : Resolving eureka endpoints via configuration
2018-02-01 17:36:44.667  INFO 18564 --- [AsyncResolver-bootstrap-executor-0] c.n.d.s.r.aws.ConfigClusterResolver      : Resolving eureka endpoints via configuration
2018-02-01 17:41:44.669  INFO 18564 --- [AsyncResolver-bootstrap-executor-0] c.n.d.s.r.aws.ConfigClusterResolver      : Resolving eureka endpoints via configuration
2018-02-01 17:46:44.672  INFO 18564 --- [AsyncResolver-bootstrap-executor-0] c.n.d.s.r.aws.ConfigClusterResolver      : Resolving eureka endpoints via configuration
2018-02-01 17:51:44.680  INFO 18564 --- [AsyncResolver-bootstrap-executor-0] c.n.d.s.r.aws.ConfigClusterResolver      : Resolving eureka endpoints via configuration
2018-02-01 17:56:44.685  INFO 18564 --- [AsyncResolver-bootstrap-executor-0] c.n.d.s.r.aws.ConfigClusterResolver      : Resolving eureka endpoints via configuration
2018-02-01 18:01:44.687  INFO 18564 --- [AsyncResolver-bootstrap-executor-0] c.n.d.s.r.aws.ConfigClusterResolver      : Resolving eureka endpoints via configuration
2018-02-01 21:05:41.318  INFO 18564 --- [cluster-ClusterId{value='5a72c70e6890ff4884e55bfd', description='null'}-192.168.60.21:27017] org.mongodb.driver.cluster               : Exception in monitor thread while connecting to server 192.168.60.21:27017

com.mongodb.MongoSocketOpenException: Exception opening socket
	at com.mongodb.connection.SocketStream.open(SocketStream.java:63) ~[mongodb-driver-core-3.4.3.jar:na]
	at com.mongodb.connection.InternalStreamConnection.open(InternalStreamConnection.java:115) ~[mongodb-driver-core-3.4.3.jar:na]
	at com.mongodb.connection.DefaultServerMonitor$ServerMonitorRunnable.run(DefaultServerMonitor.java:127) ~[mongodb-driver-core-3.4.3.jar:na]
	at java.lang.Thread.run(Thread.java:748) [na:1.8.0_144]
Caused by: java.net.SocketException: Network is unreachable: connect
	at java.net.DualStackPlainSocketImpl.waitForConnect(Native Method) ~[na:1.8.0_144]
	at java.net.DualStackPlainSocketImpl.socketConnect(DualStackPlainSocketImpl.java:85) ~[na:1.8.0_144]
	at java.net.AbstractPlainSocketImpl.doConnect(AbstractPlainSocketImpl.java:350) ~[na:1.8.0_144]
	at java.net.AbstractPlainSocketImpl.connectToAddress(AbstractPlainSocketImpl.java:206) ~[na:1.8.0_144]
	at java.net.AbstractPlainSocketImpl.connect(AbstractPlainSocketImpl.java:188) ~[na:1.8.0_144]
	at java.net.PlainSocketImpl.connect(PlainSocketImpl.java:172) ~[na:1.8.0_144]
	at java.net.SocksSocketImpl.connect(SocksSocketImpl.java:392) ~[na:1.8.0_144]
	at java.net.Socket.connect(Socket.java:589) ~[na:1.8.0_144]
	at com.mongodb.connection.SocketStreamHelper.initialize(SocketStreamHelper.java:57) ~[mongodb-driver-core-3.4.3.jar:na]
	at com.mongodb.connection.SocketStream.open(SocketStream.java:58) ~[mongodb-driver-core-3.4.3.jar:na]
	... 3 common frames omitted

2018-02-02 08:34:15.667  INFO 18564 --- [cluster-ClusterId{value='5a72c70e6890ff4884e55bfd', description='null'}-192.168.60.21:27017] org.mongodb.driver.connection            : Opened connection [connectionId{localValue:4, serverValue:337422}] to 192.168.60.21:27017
2018-02-02 08:34:15.670  INFO 18564 --- [cluster-ClusterId{value='5a72c70e6890ff4884e55bfd', description='null'}-192.168.60.21:27017] org.mongodb.driver.cluster               : Monitor thread successfully connected to server with description ServerDescription{address=192.168.60.21:27017, type=STANDALONE, state=CONNECTED, ok=true, version=ServerVersion{versionList=[3, 4, 0]}, minWireVersion=0, maxWireVersion=5, maxDocumentSize=16777216, roundTripTimeNanos=1650916}
2018-02-02 08:35:05.531  INFO 18564 --- [AsyncResolver-bootstrap-executor-0] c.n.d.s.r.aws.ConfigClusterResolver      : Resolving eureka endpoints via configuration
2018-02-02 08:40:05.532  INFO 18564 --- [AsyncResolver-bootstrap-executor-0] c.n.d.s.r.aws.ConfigClusterResolver      : Resolving eureka endpoints via configuration
2018-02-02 08:45:05.534  INFO 18564 --- [AsyncResolver-bootstrap-executor-0] c.n.d.s.r.aws.ConfigClusterResolver      : Resolving eureka endpoints via configuration
2018-02-02 08:50:05.536  INFO 18564 --- [AsyncResolver-bootstrap-executor-0] c.n.d.s.r.aws.ConfigClusterResolver      : Resolving eureka endpoints via configuration
2018-02-02 08:55:05.538  INFO 18564 --- [AsyncResolver-bootstrap-executor-0] c.n.d.s.r.aws.ConfigClusterResolver      : Resolving eureka endpoints via configuration
2018-02-02 09:00:05.540  INFO 18564 --- [AsyncResolver-bootstrap-executor-0] c.n.d.s.r.aws.ConfigClusterResolver      : Resolving eureka endpoints via configuration
2018-02-02 09:05:05.541  INFO 18564 --- [AsyncResolver-bootstrap-executor-0] c.n.d.s.r.aws.ConfigClusterResolver      : Resolving eureka endpoints via configuration
2018-02-02 09:10:05.542  INFO 18564 --- [AsyncResolver-bootstrap-executor-0] c.n.d.s.r.aws.ConfigClusterResolver      : Resolving eureka endpoints via configuration
2018-02-02 09:15:05.543  INFO 18564 --- [AsyncResolver-bootstrap-executor-0] c.n.d.s.r.aws.ConfigClusterResolver      : Resolving eureka endpoints via configuration
2018-02-02 09:20:05.545  INFO 18564 --- [AsyncResolver-bootstrap-executor-0] c.n.d.s.r.aws.ConfigClusterResolver      : Resolving eureka endpoints via configuration
2018-02-02 09:25:05.548  INFO 18564 --- [AsyncResolver-bootstrap-executor-0] c.n.d.s.r.aws.ConfigClusterResolver      : Resolving eureka endpoints via configuration
2018-02-02 09:30:05.549  INFO 18564 --- [AsyncResolver-bootstrap-executor-0] c.n.d.s.r.aws.ConfigClusterResolver      : Resolving eureka endpoints via configuration
2018-02-02 09:35:05.550  INFO 18564 --- [AsyncResolver-bootstrap-executor-0] c.n.d.s.r.aws.ConfigClusterResolver      : Resolving eureka endpoints via configuration
2018-02-02 09:40:05.554  INFO 18564 --- [AsyncResolver-bootstrap-executor-0] c.n.d.s.r.aws.ConfigClusterResolver      : Resolving eureka endpoints via configuration
2018-02-02 09:45:05.561  INFO 18564 --- [AsyncResolver-bootstrap-executor-0] c.n.d.s.r.aws.ConfigClusterResolver      : Resolving eureka endpoints via configuration
2018-02-02 09:50:05.562  INFO 18564 --- [AsyncResolver-bootstrap-executor-0] c.n.d.s.r.aws.ConfigClusterResolver      : Resolving eureka endpoints via configuration
2018-02-02 09:55:05.566  INFO 18564 --- [AsyncResolver-bootstrap-executor-0] c.n.d.s.r.aws.ConfigClusterResolver      : Resolving eureka endpoints via configuration
2018-02-02 10:00:05.568  INFO 18564 --- [AsyncResolver-bootstrap-executor-0] c.n.d.s.r.aws.ConfigClusterResolver      : Resolving eureka endpoints via configuration
2018-02-02 10:05:05.570  INFO 18564 --- [AsyncResolver-bootstrap-executor-0] c.n.d.s.r.aws.ConfigClusterResolver      : Resolving eureka endpoints via configuration
2018-02-02 10:10:05.572  INFO 18564 --- [AsyncResolver-bootstrap-executor-0] c.n.d.s.r.aws.ConfigClusterResolver      : Resolving eureka endpoints via configuration
2018-02-02 10:15:05.573  INFO 18564 --- [AsyncResolver-bootstrap-executor-0] c.n.d.s.r.aws.ConfigClusterResolver      : Resolving eureka endpoints via configuration
