2018-02-27 12:04:55.406  INFO [qzh-file,,,] 15504 --- [main] com.huidong.qzh.file.FileApp             : No active profile set, falling back to default profiles: default
2018-02-27 12:04:55.417  INFO [qzh-file,,,] 15504 --- [main] ationConfigEmbeddedWebApplicationContext : Refreshing org.springframework.boot.context.embedded.AnnotationConfigEmbeddedWebApplicationContext@21fff664: startup date [Tue Feb 27 12:04:55 CST 2018]; parent: org.springframework.context.annotation.AnnotationConfigApplicationContext@68d279ec
2018-02-27 12:04:56.265  INFO [qzh-file,,,] 15504 --- [main] o.s.cloud.context.scope.GenericScope     : BeanFactory id=646aa093-768f-3e2f-a759-a1ebcbab2aec
2018-02-27 12:04:56.280  INFO [qzh-file,,,] 15504 --- [main] f.a.AutowiredAnnotationBeanPostProcessor : JSR-330 'javax.inject.Inject' annotation found and supported for autowiring
2018-02-27 12:04:56.395  INFO [qzh-file,,,] 15504 --- [main] trationDelegate$BeanPostProcessorChecker : Bean 'org.springframework.cloud.sleuth.annotation.SleuthAnnotationAutoConfiguration' of type [org.springframework.cloud.sleuth.annotation.SleuthAnnotationAutoConfiguration$$EnhancerBySpringCGLIB$$17d90183] is not eligible for getting processed by all BeanPostProcessors (for example: not eligible for auto-proxying)
2018-02-27 12:04:56.529  INFO [qzh-file,,,] 15504 --- [main] trationDelegate$BeanPostProcessorChecker : Bean 'sleuthAdvisorConfig' of type [org.springframework.cloud.sleuth.annotation.SleuthAdvisorConfig] is not eligible for getting processed by all BeanPostProcessors (for example: not eligible for auto-proxying)
2018-02-27 12:04:56.533  INFO [qzh-file,,,] 15504 --- [main] trationDelegate$BeanPostProcessorChecker : Bean 'org.springframework.cloud.netflix.metrics.MetricsInterceptorConfiguration$MetricsRestTemplateConfiguration' of type [org.springframework.cloud.netflix.metrics.MetricsInterceptorConfiguration$MetricsRestTemplateConfiguration$$EnhancerBySpringCGLIB$$47a06192] is not eligible for getting processed by all BeanPostProcessors (for example: not eligible for auto-proxying)
2018-02-27 12:04:56.549  INFO [qzh-file,,,] 15504 --- [main] trationDelegate$BeanPostProcessorChecker : Bean 'org.springframework.cloud.autoconfigure.ConfigurationPropertiesRebinderAutoConfiguration' of type [org.springframework.cloud.autoconfigure.ConfigurationPropertiesRebinderAutoConfiguration$$EnhancerBySpringCGLIB$$318dbe4e] is not eligible for getting processed by all BeanPostProcessors (for example: not eligible for auto-proxying)
2018-02-27 12:04:56.561  INFO [qzh-file,,,] 15504 --- [main] trationDelegate$BeanPostProcessorChecker : Bean 'org.springframework.cloud.sleuth.instrument.web.client.feign.TraceFeignClientAutoConfiguration$FeignBeanPostProcessorConfiguration' of type [org.springframework.cloud.sleuth.instrument.web.client.feign.TraceFeignClientAutoConfiguration$FeignBeanPostProcessorConfiguration$$EnhancerBySpringCGLIB$$55059417] is not eligible for getting processed by all BeanPostProcessors (for example: not eligible for auto-proxying)
2018-02-27 12:04:56.574  INFO [qzh-file,,,] 15504 --- [main] trationDelegate$BeanPostProcessorChecker : Bean 'org.springframework.cloud.sleuth.instrument.async.AsyncDefaultAutoConfiguration' of type [org.springframework.cloud.sleuth.instrument.async.AsyncDefaultAutoConfiguration$$EnhancerBySpringCGLIB$$fd576770] is not eligible for getting processed by all BeanPostProcessors (for example: not eligible for auto-proxying)
2018-02-27 12:04:56.587  INFO [qzh-file,,,] 15504 --- [main] trationDelegate$BeanPostProcessorChecker : Bean 'org.springframework.cloud.sleuth.instrument.web.client.TraceWebClientAutoConfiguration' of type [org.springframework.cloud.sleuth.instrument.web.client.TraceWebClientAutoConfiguration$$EnhancerBySpringCGLIB$$c20686d0] is not eligible for getting processed by all BeanPostProcessors (for example: not eligible for auto-proxying)
2018-02-27 12:04:56.899  INFO [qzh-file,,,] 15504 --- [main] s.b.c.e.t.TomcatEmbeddedServletContainer : Tomcat initialized with port(s): 8820 (http)
2018-02-27 12:04:56.906  INFO [qzh-file,,,] 15504 --- [main] o.apache.catalina.core.StandardService   : Starting service [Tomcat]
2018-02-27 12:04:56.906  INFO [qzh-file,,,] 15504 --- [main] org.apache.catalina.core.StandardEngine  : Starting Servlet Engine: Apache Tomcat/8.5.23
2018-02-27 12:04:57.059  INFO [qzh-file,,,] 15504 --- [localhost-startStop-1] o.a.c.c.C.[Tomcat].[localhost].[/]       : Initializing Spring embedded WebApplicationContext
2018-02-27 12:04:57.059  INFO [qzh-file,,,] 15504 --- [localhost-startStop-1] o.s.web.context.ContextLoader            : Root WebApplicationContext: initialization completed in 1642 ms
2018-02-27 12:04:57.526  INFO [qzh-file,,,] 15504 --- [localhost-startStop-1] o.s.b.w.servlet.FilterRegistrationBean   : Mapping filter: 'metricsFilter' to: [/*]
2018-02-27 12:04:57.527  INFO [qzh-file,,,] 15504 --- [localhost-startStop-1] o.s.b.w.servlet.FilterRegistrationBean   : Mapping filter: 'characterEncodingFilter' to: [/*]
2018-02-27 12:04:57.527  INFO [qzh-file,,,] 15504 --- [localhost-startStop-1] o.s.b.w.servlet.FilterRegistrationBean   : Mapping filter: 'traceFilter' to: [/*]
2018-02-27 12:04:57.527  INFO [qzh-file,,,] 15504 --- [localhost-startStop-1] o.s.b.w.servlet.FilterRegistrationBean   : Mapping filter: 'hiddenHttpMethodFilter' to: [/*]
2018-02-27 12:04:57.527  INFO [qzh-file,,,] 15504 --- [localhost-startStop-1] o.s.b.w.servlet.FilterRegistrationBean   : Mapping filter: 'httpPutFormContentFilter' to: [/*]
2018-02-27 12:04:57.527  INFO [qzh-file,,,] 15504 --- [localhost-startStop-1] o.s.b.w.servlet.FilterRegistrationBean   : Mapping filter: 'requestContextFilter' to: [/*]
2018-02-27 12:04:57.527  INFO [qzh-file,,,] 15504 --- [localhost-startStop-1] o.s.b.w.servlet.FilterRegistrationBean   : Mapping filter: 'webRequestLoggingFilter' to: [/*]
2018-02-27 12:04:57.527  INFO [qzh-file,,,] 15504 --- [localhost-startStop-1] o.s.b.w.servlet.FilterRegistrationBean   : Mapping filter: 'applicationContextIdFilter' to: [/*]
2018-02-27 12:04:57.527  INFO [qzh-file,,,] 15504 --- [localhost-startStop-1] o.s.b.w.servlet.ServletRegistrationBean  : Mapping servlet: 'dispatcherServlet' to [/]
2018-02-27 12:04:57.775  WARN [qzh-file,,,] 15504 --- [main] c.n.c.sources.URLConfigurationSource     : No URLs will be polled as dynamic configuration sources.
2018-02-27 12:04:57.776  INFO [qzh-file,,,] 15504 --- [main] c.n.c.sources.URLConfigurationSource     : To enable URLs as dynamic configuration sources, define System property archaius.configurationSource.additionalUrls or make config.properties available on classpath.
2018-02-27 12:04:57.780  WARN [qzh-file,,,] 15504 --- [main] c.n.c.sources.URLConfigurationSource     : No URLs will be polled as dynamic configuration sources.
2018-02-27 12:04:57.780  INFO [qzh-file,,,] 15504 --- [main] c.n.c.sources.URLConfigurationSource     : To enable URLs as dynamic configuration sources, define System property archaius.configurationSource.additionalUrls or make config.properties available on classpath.
2018-02-27 12:04:58.142  INFO [qzh-file,,,] 15504 --- [main] s.w.s.m.m.a.RequestMappingHandlerAdapter : Looking for @ControllerAdvice: org.springframework.boot.context.embedded.AnnotationConfigEmbeddedWebApplicationContext@21fff664: startup date [Tue Feb 27 12:04:55 CST 2018]; parent: org.springframework.context.annotation.AnnotationConfigApplicationContext@68d279ec
2018-02-27 12:04:58.258  INFO [qzh-file,,,] 15504 --- [main] s.w.s.m.m.a.RequestMappingHandlerMapping : Mapped "{[/down],methods=[GET]}" onto public org.springframework.http.ResponseEntity<org.springframework.core.io.InputStreamResource> com.huidong.qzh.file.controller.FileDownloadController.downloadFile(java.lang.String) throws java.io.IOException
2018-02-27 12:04:58.259  INFO [qzh-file,,,] 15504 --- [main] s.w.s.m.m.a.RequestMappingHandlerMapping : Mapped "{[/uploadFiles]}" onto public com.huidong.qzh.util.common.util.QzhResult com.huidong.qzh.file.controller.FileUploadController.handFileUpload(javax.servlet.http.HttpServletRequest,java.lang.String) throws java.io.IOException
2018-02-27 12:04:58.259  INFO [qzh-file,,,] 15504 --- [main] s.w.s.m.m.a.RequestMappingHandlerMapping : Mapped "{[/uploadFile]}" onto public com.huidong.qzh.util.common.util.QzhResult com.huidong.qzh.file.controller.FileUploadController.handFileUpload(org.springframework.web.multipart.MultipartFile,java.lang.String) throws java.io.IOException
2018-02-27 12:04:58.260  INFO [qzh-file,,,] 15504 --- [main] s.w.s.m.m.a.RequestMappingHandlerMapping : Mapped "{[/video]}" onto public void com.huidong.qzh.file.controller.VideoController.playVideo(java.lang.String,javax.servlet.http.HttpServletResponse)
2018-02-27 12:04:58.262  INFO [qzh-file,,,] 15504 --- [main] s.w.s.m.m.a.RequestMappingHandlerMapping : Mapped "{[/error]}" onto public org.springframework.http.ResponseEntity<java.util.Map<java.lang.String, java.lang.Object>> org.springframework.boot.autoconfigure.web.BasicErrorController.error(javax.servlet.http.HttpServletRequest)
2018-02-27 12:04:58.262  INFO [qzh-file,,,] 15504 --- [main] s.w.s.m.m.a.RequestMappingHandlerMapping : Mapped "{[/error],produces=[text/html]}" onto public org.springframework.web.servlet.ModelAndView org.springframework.boot.autoconfigure.web.BasicErrorController.errorHtml(javax.servlet.http.HttpServletRequest,javax.servlet.http.HttpServletResponse)
2018-02-27 12:04:58.334  INFO [qzh-file,,,] 15504 --- [main] o.s.w.s.handler.SimpleUrlHandlerMapping  : Mapped URL path [/webjars/**] onto handler of type [class org.springframework.web.servlet.resource.ResourceHttpRequestHandler]
2018-02-27 12:04:58.334  INFO [qzh-file,,,] 15504 --- [main] o.s.w.s.handler.SimpleUrlHandlerMapping  : Mapped URL path [/**] onto handler of type [class org.springframework.web.servlet.resource.ResourceHttpRequestHandler]
2018-02-27 12:04:58.406  INFO [qzh-file,,,] 15504 --- [main] o.s.w.s.handler.SimpleUrlHandlerMapping  : Mapped URL path [/**/favicon.ico] onto handler of type [class org.springframework.web.servlet.resource.ResourceHttpRequestHandler]
2018-02-27 12:04:59.505  INFO [qzh-file,,,] 15504 --- [main] o.s.b.a.e.mvc.EndpointHandlerMapping     : Mapped "{[/info || /info.json],methods=[GET],produces=[application/vnd.spring-boot.actuator.v1+json || application/json]}" onto public java.lang.Object org.springframework.boot.actuate.endpoint.mvc.EndpointMvcAdapter.invoke()
2018-02-27 12:04:59.505  INFO [qzh-file,,,] 15504 --- [main] o.s.b.a.e.mvc.EndpointHandlerMapping     : Mapped "{[/env],methods=[POST]}" onto public java.lang.Object org.springframework.cloud.context.environment.EnvironmentManagerMvcEndpoint.value(java.util.Map<java.lang.String, java.lang.String>)
2018-02-27 12:04:59.505  INFO [qzh-file,,,] 15504 --- [main] o.s.b.a.e.mvc.EndpointHandlerMapping     : Mapped "{[/env/reset],methods=[POST]}" onto public java.util.Map<java.lang.String, java.lang.Object> org.springframework.cloud.context.environment.EnvironmentManagerMvcEndpoint.reset()
2018-02-27 12:04:59.506  INFO [qzh-file,,,] 15504 --- [main] o.s.b.a.e.mvc.EndpointHandlerMapping     : Mapped "{[/auditevents || /auditevents.json],methods=[GET],produces=[application/vnd.spring-boot.actuator.v1+json || application/json]}" onto public org.springframework.http.ResponseEntity<?> org.springframework.boot.actuate.endpoint.mvc.AuditEventsMvcEndpoint.findByPrincipalAndAfterAndType(java.lang.String,java.util.Date,java.lang.String)
2018-02-27 12:04:59.507  INFO [qzh-file,,,] 15504 --- [main] o.s.b.a.e.mvc.EndpointHandlerMapping     : Mapped "{[/health || /health.json],methods=[GET],produces=[application/vnd.spring-boot.actuator.v1+json || application/json]}" onto public java.lang.Object org.springframework.boot.actuate.endpoint.mvc.HealthMvcEndpoint.invoke(javax.servlet.http.HttpServletRequest,java.security.Principal)
2018-02-27 12:04:59.507  INFO [qzh-file,,,] 15504 --- [main] o.s.b.a.e.mvc.EndpointHandlerMapping     : Mapped "{[/beans || /beans.json],methods=[GET],produces=[application/vnd.spring-boot.actuator.v1+json || application/json]}" onto public java.lang.Object org.springframework.boot.actuate.endpoint.mvc.EndpointMvcAdapter.invoke()
2018-02-27 12:04:59.508  INFO [qzh-file,,,] 15504 --- [main] o.s.b.a.e.mvc.EndpointHandlerMapping     : Mapped "{[/metrics/{name:.*}],methods=[GET],produces=[application/vnd.spring-boot.actuator.v1+json || application/json]}" onto public java.lang.Object org.springframework.boot.actuate.endpoint.mvc.MetricsMvcEndpoint.value(java.lang.String)
2018-02-27 12:04:59.508  INFO [qzh-file,,,] 15504 --- [main] o.s.b.a.e.mvc.EndpointHandlerMapping     : Mapped "{[/metrics || /metrics.json],methods=[GET],produces=[application/vnd.spring-boot.actuator.v1+json || application/json]}" onto public java.lang.Object org.springframework.boot.actuate.endpoint.mvc.EndpointMvcAdapter.invoke()
2018-02-27 12:04:59.509  INFO [qzh-file,,,] 15504 --- [main] o.s.b.a.e.mvc.EndpointHandlerMapping     : Mapped "{[/env/{name:.*}],methods=[GET],produces=[application/vnd.spring-boot.actuator.v1+json || application/json]}" onto public java.lang.Object org.springframework.boot.actuate.endpoint.mvc.EnvironmentMvcEndpoint.value(java.lang.String)
2018-02-27 12:04:59.509  INFO [qzh-file,,,] 15504 --- [main] o.s.b.a.e.mvc.EndpointHandlerMapping     : Mapped "{[/env || /env.json],methods=[GET],produces=[application/vnd.spring-boot.actuator.v1+json || application/json]}" onto public java.lang.Object org.springframework.boot.actuate.endpoint.mvc.EndpointMvcAdapter.invoke()
2018-02-27 12:04:59.511  INFO [qzh-file,,,] 15504 --- [main] o.s.b.a.e.mvc.EndpointHandlerMapping     : Mapped "{[/features || /features.json],methods=[GET],produces=[application/vnd.spring-boot.actuator.v1+json || application/json]}" onto public java.lang.Object org.springframework.boot.actuate.endpoint.mvc.EndpointMvcAdapter.invoke()
2018-02-27 12:04:59.512  INFO [qzh-file,,,] 15504 --- [main] o.s.b.a.e.mvc.EndpointHandlerMapping     : Mapped "{[/loggers/{name:.*}],methods=[GET],produces=[application/vnd.spring-boot.actuator.v1+json || application/json]}" onto public java.lang.Object org.springframework.boot.actuate.endpoint.mvc.LoggersMvcEndpoint.get(java.lang.String)
2018-02-27 12:04:59.513  INFO [qzh-file,,,] 15504 --- [main] o.s.b.a.e.mvc.EndpointHandlerMapping     : Mapped "{[/loggers/{name:.*}],methods=[POST],consumes=[application/vnd.spring-boot.actuator.v1+json || application/json],produces=[application/vnd.spring-boot.actuator.v1+json || application/json]}" onto public java.lang.Object org.springframework.boot.actuate.endpoint.mvc.LoggersMvcEndpoint.set(java.lang.String,java.util.Map<java.lang.String, java.lang.String>)
2018-02-27 12:04:59.513  INFO [qzh-file,,,] 15504 --- [main] o.s.b.a.e.mvc.EndpointHandlerMapping     : Mapped "{[/loggers || /loggers.json],methods=[GET],produces=[application/vnd.spring-boot.actuator.v1+json || application/json]}" onto public java.lang.Object org.springframework.boot.actuate.endpoint.mvc.EndpointMvcAdapter.invoke()
2018-02-27 12:04:59.513  INFO [qzh-file,,,] 15504 --- [main] o.s.b.a.e.mvc.EndpointHandlerMapping     : Mapped "{[/refresh || /refresh.json],methods=[POST]}" onto public java.lang.Object org.springframework.cloud.endpoint.GenericPostableMvcEndpoint.invoke()
2018-02-27 12:04:59.513  INFO [qzh-file,,,] 15504 --- [main] o.s.b.a.e.mvc.EndpointHandlerMapping     : Mapped "{[/mappings || /mappings.json],methods=[GET],produces=[application/vnd.spring-boot.actuator.v1+json || application/json]}" onto public java.lang.Object org.springframework.boot.actuate.endpoint.mvc.EndpointMvcAdapter.invoke()
2018-02-27 12:04:59.514  INFO [qzh-file,,,] 15504 --- [main] o.s.b.a.e.mvc.EndpointHandlerMapping     : Mapped "{[/autoconfig || /autoconfig.json],methods=[GET],produces=[application/vnd.spring-boot.actuator.v1+json || application/json]}" onto public java.lang.Object org.springframework.boot.actuate.endpoint.mvc.EndpointMvcAdapter.invoke()
2018-02-27 12:04:59.514  INFO [qzh-file,,,] 15504 --- [main] o.s.b.a.e.mvc.EndpointHandlerMapping     : Mapped "{[/logfile || /logfile.json],methods=[GET || HEAD]}" onto public void org.springframework.boot.actuate.endpoint.mvc.LogFileMvcEndpoint.invoke(javax.servlet.http.HttpServletRequest,javax.servlet.http.HttpServletResponse) throws javax.servlet.ServletException,java.io.IOException
2018-02-27 12:04:59.515  INFO [qzh-file,,,] 15504 --- [main] o.s.b.a.e.mvc.EndpointHandlerMapping     : Mapped "{[/configprops || /configprops.json],methods=[GET],produces=[application/vnd.spring-boot.actuator.v1+json || application/json]}" onto public java.lang.Object org.springframework.boot.actuate.endpoint.mvc.EndpointMvcAdapter.invoke()
2018-02-27 12:04:59.515  INFO [qzh-file,,,] 15504 --- [main] o.s.b.a.e.mvc.EndpointHandlerMapping     : Mapped "{[/heapdump || /heapdump.json],methods=[GET],produces=[application/octet-stream]}" onto public void org.springframework.boot.actuate.endpoint.mvc.HeapdumpMvcEndpoint.invoke(boolean,javax.servlet.http.HttpServletRequest,javax.servlet.http.HttpServletResponse) throws java.io.IOException,javax.servlet.ServletException
2018-02-27 12:04:59.516  INFO [qzh-file,,,] 15504 --- [main] o.s.b.a.e.mvc.EndpointHandlerMapping     : Mapped "{[/trace || /trace.json],methods=[GET],produces=[application/vnd.spring-boot.actuator.v1+json || application/json]}" onto public java.lang.Object org.springframework.boot.actuate.endpoint.mvc.EndpointMvcAdapter.invoke()
2018-02-27 12:04:59.516  INFO [qzh-file,,,] 15504 --- [main] o.s.b.a.e.mvc.EndpointHandlerMapping     : Mapped "{[/service-registry/instance-status],methods=[POST]}" onto public org.springframework.http.ResponseEntity<?> org.springframework.cloud.client.serviceregistry.endpoint.ServiceRegistryEndpoint.setStatus(java.lang.String)
2018-02-27 12:04:59.516  INFO [qzh-file,,,] 15504 --- [main] o.s.b.a.e.mvc.EndpointHandlerMapping     : Mapped "{[/service-registry/instance-status],methods=[GET]}" onto public org.springframework.http.ResponseEntity org.springframework.cloud.client.serviceregistry.endpoint.ServiceRegistryEndpoint.getStatus()
2018-02-27 12:04:59.517  INFO [qzh-file,,,] 15504 --- [main] o.s.b.a.e.mvc.EndpointHandlerMapping     : Mapped "{[/dump || /dump.json],methods=[GET],produces=[application/vnd.spring-boot.actuator.v1+json || application/json]}" onto public java.lang.Object org.springframework.boot.actuate.endpoint.mvc.EndpointMvcAdapter.invoke()
2018-02-27 12:04:59.517  INFO [qzh-file,,,] 15504 --- [main] o.s.b.a.e.mvc.EndpointHandlerMapping     : Mapped "{[/archaius || /archaius.json],methods=[GET],produces=[application/vnd.spring-boot.actuator.v1+json || application/json]}" onto public java.lang.Object org.springframework.boot.actuate.endpoint.mvc.EndpointMvcAdapter.invoke()
2018-02-27 12:05:00.122  INFO [qzh-file,,,] 15504 --- [main] o.s.s.c.ThreadPoolTaskScheduler          : Initializing ExecutorService 
2018-02-27 12:05:00.155  WARN [qzh-file,,,] 15504 --- [main] arterDeprecationWarningAutoConfiguration : spring-cloud-starter-eureka is deprecated as of Spring Cloud Netflix 1.4.0, please migrate to spring-cloud-starter-netflix-eureka
2018-02-27 12:05:00.305  INFO [qzh-file,,,] 15504 --- [main] o.s.j.e.a.AnnotationMBeanExporter        : Registering beans for JMX exposure on startup
2018-02-27 12:05:00.312  INFO [qzh-file,,,] 15504 --- [main] o.s.j.e.a.AnnotationMBeanExporter        : Bean with name 'environmentManager' has been autodetected for JMX exposure
2018-02-27 12:05:00.314  INFO [qzh-file,,,] 15504 --- [main] o.s.j.e.a.AnnotationMBeanExporter        : Bean with name 'configurationPropertiesRebinder' has been autodetected for JMX exposure
2018-02-27 12:05:00.314  INFO [qzh-file,,,] 15504 --- [main] o.s.j.e.a.AnnotationMBeanExporter        : Bean with name 'refreshEndpoint' has been autodetected for JMX exposure
2018-02-27 12:05:00.315  INFO [qzh-file,,,] 15504 --- [main] o.s.j.e.a.AnnotationMBeanExporter        : Bean with name 'serviceRegistryEndpoint' has been autodetected for JMX exposure
2018-02-27 12:05:00.316  INFO [qzh-file,,,] 15504 --- [main] o.s.j.e.a.AnnotationMBeanExporter        : Bean with name 'refreshScope' has been autodetected for JMX exposure
2018-02-27 12:05:00.318  INFO [qzh-file,,,] 15504 --- [main] o.s.j.e.a.AnnotationMBeanExporter        : Located managed bean 'environmentManager': registering with JMX server as MBean [org.springframework.cloud.context.environment:name=environmentManager,type=EnvironmentManager]
2018-02-27 12:05:00.329  INFO [qzh-file,,,] 15504 --- [main] o.s.j.e.a.AnnotationMBeanExporter        : Located managed bean 'serviceRegistryEndpoint': registering with JMX server as MBean [org.springframework.cloud.client.serviceregistry.endpoint:name=serviceRegistryEndpoint,type=ServiceRegistryEndpoint]
2018-02-27 12:05:00.335  INFO [qzh-file,,,] 15504 --- [main] o.s.j.e.a.AnnotationMBeanExporter        : Located managed bean 'refreshScope': registering with JMX server as MBean [org.springframework.cloud.context.scope.refresh:name=refreshScope,type=RefreshScope]
2018-02-27 12:05:00.348  INFO [qzh-file,,,] 15504 --- [main] o.s.j.e.a.AnnotationMBeanExporter        : Located managed bean 'configurationPropertiesRebinder': registering with JMX server as MBean [org.springframework.cloud.context.properties:name=configurationPropertiesRebinder,context=21fff664,type=ConfigurationPropertiesRebinder]
2018-02-27 12:05:00.354  INFO [qzh-file,,,] 15504 --- [main] o.s.j.e.a.AnnotationMBeanExporter        : Located managed bean 'refreshEndpoint': registering with JMX server as MBean [org.springframework.cloud.endpoint:name=refreshEndpoint,type=RefreshEndpoint]
2018-02-27 12:05:00.516  INFO [qzh-file,,,] 15504 --- [main] o.s.c.support.DefaultLifecycleProcessor  : Starting beans in phase 0
2018-02-27 12:05:00.523  INFO [qzh-file,,,] 15504 --- [main] o.s.c.n.eureka.InstanceInfoFactory       : Setting initial instance status as: STARTING
2018-02-27 12:05:00.558  INFO [qzh-file,,,] 15504 --- [main] com.netflix.discovery.DiscoveryClient    : Initializing Eureka in region us-east-1
2018-02-27 12:05:00.800  INFO [qzh-file,,,] 15504 --- [main] c.n.d.provider.DiscoveryJerseyProvider   : Using JSON encoding codec LegacyJacksonJson
2018-02-27 12:05:00.800  INFO [qzh-file,,,] 15504 --- [main] c.n.d.provider.DiscoveryJerseyProvider   : Using JSON decoding codec LegacyJacksonJson
2018-02-27 12:05:00.883  INFO [qzh-file,,,] 15504 --- [main] c.n.d.provider.DiscoveryJerseyProvider   : Using XML encoding codec XStreamXml
2018-02-27 12:05:00.883  INFO [qzh-file,,,] 15504 --- [main] c.n.d.provider.DiscoveryJerseyProvider   : Using XML decoding codec XStreamXml
2018-02-27 12:05:01.115  INFO [qzh-file,,,] 15504 --- [main] c.n.d.s.r.aws.ConfigClusterResolver      : Resolving eureka endpoints via configuration
2018-02-27 12:05:01.181  INFO [qzh-file,,,] 15504 --- [main] com.netflix.discovery.DiscoveryClient    : Disable delta property : false
2018-02-27 12:05:01.181  INFO [qzh-file,,,] 15504 --- [main] com.netflix.discovery.DiscoveryClient    : Single vip registry refresh property : null
2018-02-27 12:05:01.181  INFO [qzh-file,,,] 15504 --- [main] com.netflix.discovery.DiscoveryClient    : Force full registry fetch : false
2018-02-27 12:05:01.181  INFO [qzh-file,,,] 15504 --- [main] com.netflix.discovery.DiscoveryClient    : Application is null : false
2018-02-27 12:05:01.181  INFO [qzh-file,,,] 15504 --- [main] com.netflix.discovery.DiscoveryClient    : Registered Applications size is zero : true
2018-02-27 12:05:01.181  INFO [qzh-file,,,] 15504 --- [main] com.netflix.discovery.DiscoveryClient    : Application version is -1: true
2018-02-27 12:05:01.181  INFO [qzh-file,,,] 15504 --- [main] com.netflix.discovery.DiscoveryClient    : Getting all instance registry info from the eureka server
2018-02-27 12:05:01.329  INFO [qzh-file,,,] 15504 --- [main] com.netflix.discovery.DiscoveryClient    : The response status is 200
2018-02-27 12:05:01.330  INFO [qzh-file,,,] 15504 --- [main] com.netflix.discovery.DiscoveryClient    : Starting heartbeat executor: renew interval is: 30
2018-02-27 12:05:01.332  INFO [qzh-file,,,] 15504 --- [main] c.n.discovery.InstanceInfoReplicator     : InstanceInfoReplicator onDemand update allowed rate per min is 4
2018-02-27 12:05:01.334  INFO [qzh-file,,,] 15504 --- [main] com.netflix.discovery.DiscoveryClient    : Discovery Client initialized at timestamp 1519704301334 with initial instances count: 4
2018-02-27 12:05:01.345  INFO [qzh-file,,,] 15504 --- [main] o.s.c.n.e.s.EurekaServiceRegistry        : Registering application qzh-file with eureka with status UP
2018-02-27 12:05:01.346  INFO [qzh-file,,,] 15504 --- [main] com.netflix.discovery.DiscoveryClient    : Saw local status change event StatusChangeEvent [timestamp=1519704301346, current=UP, previous=STARTING]
2018-02-27 12:05:01.348  INFO [qzh-file,,,] 15504 --- [DiscoveryClient-InstanceInfoReplicator-0] com.netflix.discovery.DiscoveryClient    : DiscoveryClient_QZH-FILE/DESKTOP-7KG6M4Q:qzh-file:8820: registering service...
2018-02-27 12:05:01.389  INFO [qzh-file,,,] 15504 --- [DiscoveryClient-InstanceInfoReplicator-0] com.netflix.discovery.DiscoveryClient    : DiscoveryClient_QZH-FILE/DESKTOP-7KG6M4Q:qzh-file:8820 - registration status: 204
2018-02-27 12:05:01.450  INFO [qzh-file,,,] 15504 --- [main] s.b.c.e.t.TomcatEmbeddedServletContainer : Tomcat started on port(s): 8820 (http)
2018-02-27 12:05:01.451  INFO [qzh-file,,,] 15504 --- [main] .s.c.n.e.s.EurekaAutoServiceRegistration : Updating port to 8820
2018-02-27 12:05:01.455  INFO [qzh-file,,,] 15504 --- [main] com.huidong.qzh.file.FileApp             : Started FileApp in 7.371 seconds (JVM running for 8.239)
