2018-02-01 15:51:17.528  INFO 2380 --- [main] c.h.qzh.nonstandard.NonstandardApp       : No active profile set, falling back to default profiles: default
2018-02-01 15:51:17.560  INFO 2380 --- [main] ationConfigEmbeddedWebApplicationContext : Refreshing org.springframework.boot.context.embedded.AnnotationConfigEmbeddedWebApplicationContext@5ee34b1b: startup date [Thu Feb 01 15:51:17 CST 2018]; parent: org.springframework.context.annotation.AnnotationConfigApplicationContext@e383572
2018-02-01 15:51:19.005  INFO 2380 --- [main] .s.d.r.c.RepositoryConfigurationDelegate : Multiple Spring Data modules found, entering strict repository configuration mode!
2018-02-01 15:51:19.493  INFO 2380 --- [main] o.s.cloud.context.scope.GenericScope     : BeanFactory id=01f41d45-1fc4-3bcc-bf23-d47ae22dcae5
2018-02-01 15:51:19.531  INFO 2380 --- [main] f.a.AutowiredAnnotationBeanPostProcessor : JSR-330 'javax.inject.Inject' annotation found and supported for autowiring
2018-02-01 15:51:19.920  INFO 2380 --- [main] trationDelegate$BeanPostProcessorChecker : Bean 'org.springframework.transaction.annotation.ProxyTransactionManagementConfiguration' of type [org.springframework.transaction.annotation.ProxyTransactionManagementConfiguration$$EnhancerBySpringCGLIB$$19bd355b] is not eligible for getting processed by all BeanPostProcessors (for example: not eligible for auto-proxying)
2018-02-01 15:51:20.069  INFO 2380 --- [main] trationDelegate$BeanPostProcessorChecker : Bean 'org.springframework.cloud.netflix.metrics.MetricsInterceptorConfiguration$MetricsRestTemplateConfiguration' of type [org.springframework.cloud.netflix.metrics.MetricsInterceptorConfiguration$MetricsRestTemplateConfiguration$$EnhancerBySpringCGLIB$$4be9db9c] is not eligible for getting processed by all BeanPostProcessors (for example: not eligible for auto-proxying)
2018-02-01 15:51:20.085  INFO 2380 --- [main] trationDelegate$BeanPostProcessorChecker : Bean 'org.springframework.cloud.autoconfigure.ConfigurationPropertiesRebinderAutoConfiguration' of type [org.springframework.cloud.autoconfigure.ConfigurationPropertiesRebinderAutoConfiguration$$EnhancerBySpringCGLIB$$35d73858] is not eligible for getting processed by all BeanPostProcessors (for example: not eligible for auto-proxying)
2018-02-01 15:51:20.642  INFO 2380 --- [main] s.b.c.e.t.TomcatEmbeddedServletContainer : Tomcat initialized with port(s): 8400 (http)
2018-02-01 15:51:20.655  INFO 2380 --- [main] o.apache.catalina.core.StandardService   : Starting service [Tomcat]
2018-02-01 15:51:20.656  INFO 2380 --- [main] org.apache.catalina.core.StandardEngine  : Starting Servlet Engine: Apache Tomcat/8.5.23
2018-02-01 15:51:20.805  INFO 2380 --- [localhost-startStop-1] o.a.c.c.C.[Tomcat].[localhost].[/]       : Initializing Spring embedded WebApplicationContext
2018-02-01 15:51:20.805  INFO 2380 --- [localhost-startStop-1] o.s.web.context.ContextLoader            : Root WebApplicationContext: initialization completed in 3245 ms
2018-02-01 15:51:21.205  INFO 2380 --- [localhost-startStop-1] o.s.b.w.servlet.ServletRegistrationBean  : Mapping servlet: 'dispatcherServlet' to [/]
2018-02-01 15:51:21.213  INFO 2380 --- [localhost-startStop-1] o.s.b.w.servlet.FilterRegistrationBean   : Mapping filter: 'metricsFilter' to: [/*]
2018-02-01 15:51:21.214  INFO 2380 --- [localhost-startStop-1] o.s.b.w.servlet.FilterRegistrationBean   : Mapping filter: 'characterEncodingFilter' to: [/*]
2018-02-01 15:51:21.215  INFO 2380 --- [localhost-startStop-1] o.s.b.w.servlet.FilterRegistrationBean   : Mapping filter: 'hiddenHttpMethodFilter' to: [/*]
2018-02-01 15:51:21.215  INFO 2380 --- [localhost-startStop-1] o.s.b.w.servlet.FilterRegistrationBean   : Mapping filter: 'httpPutFormContentFilter' to: [/*]
2018-02-01 15:51:21.215  INFO 2380 --- [localhost-startStop-1] o.s.b.w.servlet.FilterRegistrationBean   : Mapping filter: 'requestContextFilter' to: [/*]
2018-02-01 15:51:21.216  INFO 2380 --- [localhost-startStop-1] o.s.b.w.servlet.FilterRegistrationBean   : Mapping filter: 'webRequestLoggingFilter' to: [/*]
2018-02-01 15:51:21.216  INFO 2380 --- [localhost-startStop-1] o.s.b.w.servlet.FilterRegistrationBean   : Mapping filter: 'applicationContextIdFilter' to: [/*]
2018-02-01 15:51:22.119  INFO 2380 --- [main] org.mongodb.driver.cluster               : Cluster created with settings {hosts=[192.168.60.21:27017], mode=MULTIPLE, requiredClusterType=UNKNOWN, serverSelectionTimeout='30000 ms', maxWaitQueueSize=500}
2018-02-01 15:51:22.120  INFO 2380 --- [main] org.mongodb.driver.cluster               : Adding discovered server 192.168.60.21:27017 to client view of cluster
2018-02-01 15:51:22.251  INFO 2380 --- [cluster-ClusterId{value='5a72c6fa6890ff094c0de028', description='null'}-192.168.60.21:27017] org.mongodb.driver.connection            : Opened connection [connectionId{localValue:1, serverValue:331925}] to 192.168.60.21:27017
2018-02-01 15:51:22.256  INFO 2380 --- [cluster-ClusterId{value='5a72c6fa6890ff094c0de028', description='null'}-192.168.60.21:27017] org.mongodb.driver.cluster               : Monitor thread successfully connected to server with description ServerDescription{address=192.168.60.21:27017, type=STANDALONE, state=CONNECTED, ok=true, version=ServerVersion{versionList=[3, 4, 0]}, minWireVersion=0, maxWireVersion=5, maxDocumentSize=16777216, roundTripTimeNanos=2216392}
2018-02-01 15:51:22.258  INFO 2380 --- [cluster-ClusterId{value='5a72c6fa6890ff094c0de028', description='null'}-192.168.60.21:27017] org.mongodb.driver.cluster               : Discovered cluster type of STANDALONE
2018-02-01 15:51:23.323  WARN 2380 --- [main] c.n.c.sources.URLConfigurationSource     : No URLs will be polled as dynamic configuration sources.
2018-02-01 15:51:23.323  INFO 2380 --- [main] c.n.c.sources.URLConfigurationSource     : To enable URLs as dynamic configuration sources, define System property archaius.configurationSource.additionalUrls or make config.properties available on classpath.
2018-02-01 15:51:23.333  WARN 2380 --- [main] c.n.c.sources.URLConfigurationSource     : No URLs will be polled as dynamic configuration sources.
2018-02-01 15:51:23.333  INFO 2380 --- [main] c.n.c.sources.URLConfigurationSource     : To enable URLs as dynamic configuration sources, define System property archaius.configurationSource.additionalUrls or make config.properties available on classpath.
2018-02-01 15:51:24.030  INFO 2380 --- [main] s.w.s.m.m.a.RequestMappingHandlerAdapter : Looking for @ControllerAdvice: org.springframework.boot.context.embedded.AnnotationConfigEmbeddedWebApplicationContext@5ee34b1b: startup date [Thu Feb 01 15:51:17 CST 2018]; parent: org.springframework.context.annotation.AnnotationConfigApplicationContext@e383572
2018-02-01 15:51:24.196  INFO 2380 --- [main] s.w.s.m.m.a.RequestMappingHandlerMapping : Mapped "{[/attribute/getProductDetail/{title}]}" onto public com.huidong.qzh.util.common.util.QzhResult com.huidong.qzh.nonstandard.controller.AttributeController.getProductDetail(java.lang.String)
2018-02-01 15:51:24.198  INFO 2380 --- [main] s.w.s.m.m.a.RequestMappingHandlerMapping : Mapped "{[/attribute/getProductPrice]}" onto public com.huidong.qzh.util.common.util.QzhResult com.huidong.qzh.nonstandard.controller.AttributeController.getProductPrice(java.lang.Integer,java.lang.String,java.lang.String,java.lang.String,int,int,java.lang.String)
2018-02-01 15:51:24.198  INFO 2380 --- [main] s.w.s.m.m.a.RequestMappingHandlerMapping : Mapped "{[/attribute/getCategory/{memberId}]}" onto public com.huidong.qzh.util.common.util.QzhResult com.huidong.qzh.nonstandard.controller.AttributeController.getCategory(java.lang.Integer)
2018-02-01 15:51:24.198  INFO 2380 --- [main] s.w.s.m.m.a.RequestMappingHandlerMapping : Mapped "{[/attribute/insertAttribute]}" onto public com.huidong.qzh.util.common.util.QzhResult com.huidong.qzh.nonstandard.controller.AttributeController.insertAttribute(java.lang.String)
2018-02-01 15:51:24.199  INFO 2380 --- [main] s.w.s.m.m.a.RequestMappingHandlerMapping : Mapped "{[/attribute/getAttributeByClassName]}" onto public com.huidong.qzh.util.common.util.QzhResult com.huidong.qzh.nonstandard.controller.AttributeController.getAttributeByClassName(java.lang.String)
2018-02-01 15:51:24.201  INFO 2380 --- [main] s.w.s.m.m.a.RequestMappingHandlerMapping : Mapped "{[/businessCard/getBusinessCard]}" onto public com.huidong.qzh.util.common.util.QzhResult com.huidong.qzh.nonstandard.controller.BusinessCardController.getBusinessCard(java.lang.String,java.lang.Integer)
2018-02-01 15:51:24.202  INFO 2380 --- [main] s.w.s.m.m.a.RequestMappingHandlerMapping : Mapped "{[/businessCard/insertBusinessCard]}" onto public com.huidong.qzh.util.common.util.QzhResult com.huidong.qzh.nonstandard.controller.BusinessCardController.insertAttribute(java.lang.String)
2018-02-01 15:51:24.202  INFO 2380 --- [main] s.w.s.m.m.a.RequestMappingHandlerMapping : Mapped "{[/businessCard/getBusinessCardPrices]}" onto public com.huidong.qzh.util.common.util.QzhResult com.huidong.qzh.nonstandard.controller.BusinessCardController.getBusinessCardPrices(java.lang.Integer,java.lang.String,java.lang.String,int,java.lang.String)
2018-02-01 15:51:24.203  INFO 2380 --- [main] s.w.s.m.m.a.RequestMappingHandlerMapping : Mapped "{[/getPrintingPrice]}" onto public com.huidong.qzh.util.common.util.QzhResult com.huidong.qzh.nonstandard.controller.PrintingPriceController.getPrintingPrice(java.lang.String,java.lang.String,java.lang.String,java.lang.Integer,java.lang.String,java.lang.Double,java.lang.Integer)
2018-02-01 15:51:24.206  INFO 2380 --- [main] s.w.s.m.m.a.RequestMappingHandlerMapping : Mapped "{[/error]}" onto public org.springframework.http.ResponseEntity<java.util.Map<java.lang.String, java.lang.Object>> org.springframework.boot.autoconfigure.web.BasicErrorController.error(javax.servlet.http.HttpServletRequest)
2018-02-01 15:51:24.207  INFO 2380 --- [main] s.w.s.m.m.a.RequestMappingHandlerMapping : Mapped "{[/error],produces=[text/html]}" onto public org.springframework.web.servlet.ModelAndView org.springframework.boot.autoconfigure.web.BasicErrorController.errorHtml(javax.servlet.http.HttpServletRequest,javax.servlet.http.HttpServletResponse)
2018-02-01 15:51:24.279  INFO 2380 --- [main] o.s.w.s.handler.SimpleUrlHandlerMapping  : Mapped URL path [/webjars/**] onto handler of type [class org.springframework.web.servlet.resource.ResourceHttpRequestHandler]
2018-02-01 15:51:24.279  INFO 2380 --- [main] o.s.w.s.handler.SimpleUrlHandlerMapping  : Mapped URL path [/**] onto handler of type [class org.springframework.web.servlet.resource.ResourceHttpRequestHandler]
2018-02-01 15:51:24.360  INFO 2380 --- [main] o.s.w.s.handler.SimpleUrlHandlerMapping  : Mapped URL path [/**/favicon.ico] onto handler of type [class org.springframework.web.servlet.resource.ResourceHttpRequestHandler]
2018-02-01 15:51:26.267  INFO 2380 --- [main] o.s.b.a.e.mvc.EndpointHandlerMapping     : Mapped "{[/loggers/{name:.*}],methods=[GET],produces=[application/vnd.spring-boot.actuator.v1+json || application/json]}" onto public java.lang.Object org.springframework.boot.actuate.endpoint.mvc.LoggersMvcEndpoint.get(java.lang.String)
2018-02-01 15:51:26.269  INFO 2380 --- [main] o.s.b.a.e.mvc.EndpointHandlerMapping     : Mapped "{[/loggers/{name:.*}],methods=[POST],consumes=[application/vnd.spring-boot.actuator.v1+json || application/json],produces=[application/vnd.spring-boot.actuator.v1+json || application/json]}" onto public java.lang.Object org.springframework.boot.actuate.endpoint.mvc.LoggersMvcEndpoint.set(java.lang.String,java.util.Map<java.lang.String, java.lang.String>)
2018-02-01 15:51:26.270  INFO 2380 --- [main] o.s.b.a.e.mvc.EndpointHandlerMapping     : Mapped "{[/loggers || /loggers.json],methods=[GET],produces=[application/vnd.spring-boot.actuator.v1+json || application/json]}" onto public java.lang.Object org.springframework.boot.actuate.endpoint.mvc.EndpointMvcAdapter.invoke()
2018-02-01 15:51:26.272  INFO 2380 --- [main] o.s.b.a.e.mvc.EndpointHandlerMapping     : Mapped "{[/info || /info.json],methods=[GET],produces=[application/vnd.spring-boot.actuator.v1+json || application/json]}" onto public java.lang.Object org.springframework.boot.actuate.endpoint.mvc.EndpointMvcAdapter.invoke()
2018-02-01 15:51:26.273  INFO 2380 --- [main] o.s.b.a.e.mvc.EndpointHandlerMapping     : Mapped "{[/dump || /dump.json],methods=[GET],produces=[application/vnd.spring-boot.actuator.v1+json || application/json]}" onto public java.lang.Object org.springframework.boot.actuate.endpoint.mvc.EndpointMvcAdapter.invoke()
2018-02-01 15:51:26.274  INFO 2380 --- [main] o.s.b.a.e.mvc.EndpointHandlerMapping     : Mapped "{[/archaius || /archaius.json],methods=[GET],produces=[application/vnd.spring-boot.actuator.v1+json || application/json]}" onto public java.lang.Object org.springframework.boot.actuate.endpoint.mvc.EndpointMvcAdapter.invoke()
2018-02-01 15:51:26.275  INFO 2380 --- [main] o.s.b.a.e.mvc.EndpointHandlerMapping     : Mapped "{[/beans || /beans.json],methods=[GET],produces=[application/vnd.spring-boot.actuator.v1+json || application/json]}" onto public java.lang.Object org.springframework.boot.actuate.endpoint.mvc.EndpointMvcAdapter.invoke()
2018-02-01 15:51:26.276  INFO 2380 --- [main] o.s.b.a.e.mvc.EndpointHandlerMapping     : Mapped "{[/metrics/{name:.*}],methods=[GET],produces=[application/vnd.spring-boot.actuator.v1+json || application/json]}" onto public java.lang.Object org.springframework.boot.actuate.endpoint.mvc.MetricsMvcEndpoint.value(java.lang.String)
2018-02-01 15:51:26.277  INFO 2380 --- [main] o.s.b.a.e.mvc.EndpointHandlerMapping     : Mapped "{[/metrics || /metrics.json],methods=[GET],produces=[application/vnd.spring-boot.actuator.v1+json || application/json]}" onto public java.lang.Object org.springframework.boot.actuate.endpoint.mvc.EndpointMvcAdapter.invoke()
2018-02-01 15:51:26.278  INFO 2380 --- [main] o.s.b.a.e.mvc.EndpointHandlerMapping     : Mapped "{[/trace || /trace.json],methods=[GET],produces=[application/vnd.spring-boot.actuator.v1+json || application/json]}" onto public java.lang.Object org.springframework.boot.actuate.endpoint.mvc.EndpointMvcAdapter.invoke()
2018-02-01 15:51:26.279  INFO 2380 --- [main] o.s.b.a.e.mvc.EndpointHandlerMapping     : Mapped "{[/service-registry/instance-status],methods=[GET]}" onto public org.springframework.http.ResponseEntity org.springframework.cloud.client.serviceregistry.endpoint.ServiceRegistryEndpoint.getStatus()
2018-02-01 15:51:26.279  INFO 2380 --- [main] o.s.b.a.e.mvc.EndpointHandlerMapping     : Mapped "{[/service-registry/instance-status],methods=[POST]}" onto public org.springframework.http.ResponseEntity<?> org.springframework.cloud.client.serviceregistry.endpoint.ServiceRegistryEndpoint.setStatus(java.lang.String)
2018-02-01 15:51:26.280  INFO 2380 --- [main] o.s.b.a.e.mvc.EndpointHandlerMapping     : Mapped "{[/features || /features.json],methods=[GET],produces=[application/vnd.spring-boot.actuator.v1+json || application/json]}" onto public java.lang.Object org.springframework.boot.actuate.endpoint.mvc.EndpointMvcAdapter.invoke()
2018-02-01 15:51:26.282  INFO 2380 --- [main] o.s.b.a.e.mvc.EndpointHandlerMapping     : Mapped "{[/health || /health.json],methods=[GET],produces=[application/vnd.spring-boot.actuator.v1+json || application/json]}" onto public java.lang.Object org.springframework.boot.actuate.endpoint.mvc.HealthMvcEndpoint.invoke(javax.servlet.http.HttpServletRequest,java.security.Principal)
2018-02-01 15:51:26.284  INFO 2380 --- [main] o.s.b.a.e.mvc.EndpointHandlerMapping     : Mapped "{[/env/{name:.*}],methods=[GET],produces=[application/vnd.spring-boot.actuator.v1+json || application/json]}" onto public java.lang.Object org.springframework.boot.actuate.endpoint.mvc.EnvironmentMvcEndpoint.value(java.lang.String)
2018-02-01 15:51:26.285  INFO 2380 --- [main] o.s.b.a.e.mvc.EndpointHandlerMapping     : Mapped "{[/env || /env.json],methods=[GET],produces=[application/vnd.spring-boot.actuator.v1+json || application/json]}" onto public java.lang.Object org.springframework.boot.actuate.endpoint.mvc.EndpointMvcAdapter.invoke()
2018-02-01 15:51:26.286  INFO 2380 --- [main] o.s.b.a.e.mvc.EndpointHandlerMapping     : Mapped "{[/auditevents || /auditevents.json],methods=[GET],produces=[application/vnd.spring-boot.actuator.v1+json || application/json]}" onto public org.springframework.http.ResponseEntity<?> org.springframework.boot.actuate.endpoint.mvc.AuditEventsMvcEndpoint.findByPrincipalAndAfterAndType(java.lang.String,java.util.Date,java.lang.String)
2018-02-01 15:51:26.289  INFO 2380 --- [main] o.s.b.a.e.mvc.EndpointHandlerMapping     : Mapped "{[/refresh || /refresh.json],methods=[POST]}" onto public java.lang.Object org.springframework.cloud.endpoint.GenericPostableMvcEndpoint.invoke()
2018-02-01 15:51:26.291  INFO 2380 --- [main] o.s.b.a.e.mvc.EndpointHandlerMapping     : Mapped "{[/logfile || /logfile.json],methods=[GET || HEAD]}" onto public void org.springframework.boot.actuate.endpoint.mvc.LogFileMvcEndpoint.invoke(javax.servlet.http.HttpServletRequest,javax.servlet.http.HttpServletResponse) throws javax.servlet.ServletException,java.io.IOException
2018-02-01 15:51:26.292  INFO 2380 --- [main] o.s.b.a.e.mvc.EndpointHandlerMapping     : Mapped "{[/autoconfig || /autoconfig.json],methods=[GET],produces=[application/vnd.spring-boot.actuator.v1+json || application/json]}" onto public java.lang.Object org.springframework.boot.actuate.endpoint.mvc.EndpointMvcAdapter.invoke()
2018-02-01 15:51:26.293  INFO 2380 --- [main] o.s.b.a.e.mvc.EndpointHandlerMapping     : Mapped "{[/heapdump || /heapdump.json],methods=[GET],produces=[application/octet-stream]}" onto public void org.springframework.boot.actuate.endpoint.mvc.HeapdumpMvcEndpoint.invoke(boolean,javax.servlet.http.HttpServletRequest,javax.servlet.http.HttpServletResponse) throws java.io.IOException,javax.servlet.ServletException
2018-02-01 15:51:26.294  INFO 2380 --- [main] o.s.b.a.e.mvc.EndpointHandlerMapping     : Mapped "{[/mappings || /mappings.json],methods=[GET],produces=[application/vnd.spring-boot.actuator.v1+json || application/json]}" onto public java.lang.Object org.springframework.boot.actuate.endpoint.mvc.EndpointMvcAdapter.invoke()
2018-02-01 15:51:26.294  INFO 2380 --- [main] o.s.b.a.e.mvc.EndpointHandlerMapping     : Mapped "{[/env],methods=[POST]}" onto public java.lang.Object org.springframework.cloud.context.environment.EnvironmentManagerMvcEndpoint.value(java.util.Map<java.lang.String, java.lang.String>)
2018-02-01 15:51:26.295  INFO 2380 --- [main] o.s.b.a.e.mvc.EndpointHandlerMapping     : Mapped "{[/env/reset],methods=[POST]}" onto public java.util.Map<java.lang.String, java.lang.Object> org.springframework.cloud.context.environment.EnvironmentManagerMvcEndpoint.reset()
2018-02-01 15:51:26.296  INFO 2380 --- [main] o.s.b.a.e.mvc.EndpointHandlerMapping     : Mapped "{[/configprops || /configprops.json],methods=[GET],produces=[application/vnd.spring-boot.actuator.v1+json || application/json]}" onto public java.lang.Object org.springframework.boot.actuate.endpoint.mvc.EndpointMvcAdapter.invoke()
2018-02-01 15:51:26.680  WARN 2380 --- [main] arterDeprecationWarningAutoConfiguration : spring-cloud-starter-eureka is deprecated as of Spring Cloud Netflix 1.4.0, please migrate to spring-cloud-starter-netflix-eureka
2018-02-01 15:51:27.022  INFO 2380 --- [main] o.s.j.e.a.AnnotationMBeanExporter        : Registering beans for JMX exposure on startup
2018-02-01 15:51:27.043  INFO 2380 --- [main] o.s.j.e.a.AnnotationMBeanExporter        : Bean with name 'environmentManager' has been autodetected for JMX exposure
2018-02-01 15:51:27.048  INFO 2380 --- [main] o.s.j.e.a.AnnotationMBeanExporter        : Bean with name 'configurationPropertiesRebinder' has been autodetected for JMX exposure
2018-02-01 15:51:27.049  INFO 2380 --- [main] o.s.j.e.a.AnnotationMBeanExporter        : Bean with name 'refreshEndpoint' has been autodetected for JMX exposure
2018-02-01 15:51:27.051  INFO 2380 --- [main] o.s.j.e.a.AnnotationMBeanExporter        : Bean with name 'serviceRegistryEndpoint' has been autodetected for JMX exposure
2018-02-01 15:51:27.052  INFO 2380 --- [main] o.s.j.e.a.AnnotationMBeanExporter        : Bean with name 'refreshScope' has been autodetected for JMX exposure
2018-02-01 15:51:27.057  INFO 2380 --- [main] o.s.j.e.a.AnnotationMBeanExporter        : Located managed bean 'environmentManager': registering with JMX server as MBean [org.springframework.cloud.context.environment:name=environmentManager,type=EnvironmentManager]
2018-02-01 15:51:27.096  INFO 2380 --- [main] o.s.j.e.a.AnnotationMBeanExporter        : Located managed bean 'serviceRegistryEndpoint': registering with JMX server as MBean [org.springframework.cloud.client.serviceregistry.endpoint:name=serviceRegistryEndpoint,type=ServiceRegistryEndpoint]
2018-02-01 15:51:27.108  INFO 2380 --- [main] o.s.j.e.a.AnnotationMBeanExporter        : Located managed bean 'refreshScope': registering with JMX server as MBean [org.springframework.cloud.context.scope.refresh:name=refreshScope,type=RefreshScope]
2018-02-01 15:51:27.137  INFO 2380 --- [main] o.s.j.e.a.AnnotationMBeanExporter        : Located managed bean 'configurationPropertiesRebinder': registering with JMX server as MBean [org.springframework.cloud.context.properties:name=configurationPropertiesRebinder,context=5ee34b1b,type=ConfigurationPropertiesRebinder]
2018-02-01 15:51:27.149  INFO 2380 --- [main] o.s.j.e.a.AnnotationMBeanExporter        : Located managed bean 'refreshEndpoint': registering with JMX server as MBean [org.springframework.cloud.endpoint:name=refreshEndpoint,type=RefreshEndpoint]
2018-02-01 15:51:27.180  INFO 2380 --- [main] o.s.c.support.DefaultLifecycleProcessor  : Starting beans in phase 0
2018-02-01 15:51:27.196  INFO 2380 --- [main] o.s.c.n.eureka.InstanceInfoFactory       : Setting initial instance status as: STARTING
2018-02-01 15:51:27.281  INFO 2380 --- [main] com.netflix.discovery.DiscoveryClient    : Initializing Eureka in region us-east-1
2018-02-01 15:51:27.443  INFO 2380 --- [main] c.n.d.provider.DiscoveryJerseyProvider   : Using JSON encoding codec LegacyJacksonJson
2018-02-01 15:51:27.443  INFO 2380 --- [main] c.n.d.provider.DiscoveryJerseyProvider   : Using JSON decoding codec LegacyJacksonJson
2018-02-01 15:51:27.644  INFO 2380 --- [main] c.n.d.provider.DiscoveryJerseyProvider   : Using XML encoding codec XStreamXml
2018-02-01 15:51:27.645  INFO 2380 --- [main] c.n.d.provider.DiscoveryJerseyProvider   : Using XML decoding codec XStreamXml
2018-02-01 15:51:28.255  INFO 2380 --- [main] c.n.d.s.r.aws.ConfigClusterResolver      : Resolving eureka endpoints via configuration
2018-02-01 15:51:28.467  INFO 2380 --- [main] com.netflix.discovery.DiscoveryClient    : Disable delta property : false
2018-02-01 15:51:28.468  INFO 2380 --- [main] com.netflix.discovery.DiscoveryClient    : Single vip registry refresh property : null
2018-02-01 15:51:28.468  INFO 2380 --- [main] com.netflix.discovery.DiscoveryClient    : Force full registry fetch : false
2018-02-01 15:51:28.468  INFO 2380 --- [main] com.netflix.discovery.DiscoveryClient    : Application is null : false
2018-02-01 15:51:28.468  INFO 2380 --- [main] com.netflix.discovery.DiscoveryClient    : Registered Applications size is zero : true
2018-02-01 15:51:28.468  INFO 2380 --- [main] com.netflix.discovery.DiscoveryClient    : Application version is -1: true
2018-02-01 15:51:28.468  INFO 2380 --- [main] com.netflix.discovery.DiscoveryClient    : Getting all instance registry info from the eureka server
2018-02-01 15:51:28.792  INFO 2380 --- [main] com.netflix.discovery.DiscoveryClient    : The response status is 200
2018-02-01 15:51:28.794  INFO 2380 --- [main] com.netflix.discovery.DiscoveryClient    : Starting heartbeat executor: renew interval is: 30
2018-02-01 15:51:28.799  INFO 2380 --- [main] c.n.discovery.InstanceInfoReplicator     : InstanceInfoReplicator onDemand update allowed rate per min is 4
2018-02-01 15:51:28.805  INFO 2380 --- [main] com.netflix.discovery.DiscoveryClient    : Discovery Client initialized at timestamp 1517471488804 with initial instances count: 0
2018-02-01 15:51:28.818  INFO 2380 --- [main] o.s.c.n.e.s.EurekaServiceRegistry        : Registering application qzh-nonstandard with eureka with status UP
2018-02-01 15:51:28.820  INFO 2380 --- [main] com.netflix.discovery.DiscoveryClient    : Saw local status change event StatusChangeEvent [timestamp=1517471488820, current=UP, previous=STARTING]
2018-02-01 15:51:28.823  INFO 2380 --- [DiscoveryClient-InstanceInfoReplicator-0] com.netflix.discovery.DiscoveryClient    : DiscoveryClient_QZH-NONSTANDARD/DESKTOP-7KG6M4Q:qzh-nonstandard:8400: registering service...
2018-02-01 15:51:28.923  INFO 2380 --- [DiscoveryClient-InstanceInfoReplicator-0] com.netflix.discovery.DiscoveryClient    : DiscoveryClient_QZH-NONSTANDARD/DESKTOP-7KG6M4Q:qzh-nonstandard:8400 - registration status: 204
2018-02-01 15:51:29.005  INFO 2380 --- [main] s.b.c.e.t.TomcatEmbeddedServletContainer : Tomcat started on port(s): 8400 (http)
2018-02-01 15:51:29.006  INFO 2380 --- [main] .s.c.n.e.s.EurekaAutoServiceRegistration : Updating port to 8400
2018-02-01 15:51:29.014  INFO 2380 --- [main] c.h.qzh.nonstandard.NonstandardApp       : Started NonstandardApp in 13.981 seconds (JVM running for 15.296)
2018-02-01 15:51:29.353  INFO 2380 --- [RMI TCP Connection(10)-192.168.120.14] org.mongodb.driver.connection            : Opened connection [connectionId{localValue:2, serverValue:331926}] to 192.168.60.21:27017
2018-02-01 15:51:58.795  INFO 2380 --- [DiscoveryClient-CacheRefreshExecutor-0] com.netflix.discovery.DiscoveryClient    : Disable delta property : false
2018-02-01 15:51:58.796  INFO 2380 --- [DiscoveryClient-CacheRefreshExecutor-0] com.netflix.discovery.DiscoveryClient    : Single vip registry refresh property : null
2018-02-01 15:51:58.796  INFO 2380 --- [DiscoveryClient-CacheRefreshExecutor-0] com.netflix.discovery.DiscoveryClient    : Force full registry fetch : false
2018-02-01 15:51:58.796  INFO 2380 --- [DiscoveryClient-CacheRefreshExecutor-0] com.netflix.discovery.DiscoveryClient    : Application is null : false
2018-02-01 15:51:58.796  INFO 2380 --- [DiscoveryClient-CacheRefreshExecutor-0] com.netflix.discovery.DiscoveryClient    : Registered Applications size is zero : true
2018-02-01 15:51:58.796  INFO 2380 --- [DiscoveryClient-CacheRefreshExecutor-0] com.netflix.discovery.DiscoveryClient    : Application version is -1: false
2018-02-01 15:51:58.796  INFO 2380 --- [DiscoveryClient-CacheRefreshExecutor-0] com.netflix.discovery.DiscoveryClient    : Getting all instance registry info from the eureka server
2018-02-01 15:51:58.826  INFO 2380 --- [DiscoveryClient-CacheRefreshExecutor-0] com.netflix.discovery.DiscoveryClient    : The response status is 200
2018-02-01 15:56:28.473  INFO 2380 --- [AsyncResolver-bootstrap-executor-0] c.n.d.s.r.aws.ConfigClusterResolver      : Resolving eureka endpoints via configuration
2018-02-01 16:01:28.476  INFO 2380 --- [AsyncResolver-bootstrap-executor-0] c.n.d.s.r.aws.ConfigClusterResolver      : Resolving eureka endpoints via configuration
2018-02-01 16:06:28.477  INFO 2380 --- [AsyncResolver-bootstrap-executor-0] c.n.d.s.r.aws.ConfigClusterResolver      : Resolving eureka endpoints via configuration
2018-02-01 16:11:28.479  INFO 2380 --- [AsyncResolver-bootstrap-executor-0] c.n.d.s.r.aws.ConfigClusterResolver      : Resolving eureka endpoints via configuration
2018-02-01 16:16:28.480  INFO 2380 --- [AsyncResolver-bootstrap-executor-0] c.n.d.s.r.aws.ConfigClusterResolver      : Resolving eureka endpoints via configuration
2018-02-01 16:21:28.485  INFO 2380 --- [AsyncResolver-bootstrap-executor-0] c.n.d.s.r.aws.ConfigClusterResolver      : Resolving eureka endpoints via configuration
2018-02-01 16:26:28.492  INFO 2380 --- [AsyncResolver-bootstrap-executor-0] c.n.d.s.r.aws.ConfigClusterResolver      : Resolving eureka endpoints via configuration
2018-02-01 16:31:28.495  INFO 2380 --- [AsyncResolver-bootstrap-executor-0] c.n.d.s.r.aws.ConfigClusterResolver      : Resolving eureka endpoints via configuration
2018-02-01 16:36:28.498  INFO 2380 --- [AsyncResolver-bootstrap-executor-0] c.n.d.s.r.aws.ConfigClusterResolver      : Resolving eureka endpoints via configuration
2018-02-01 16:41:28.502  INFO 2380 --- [AsyncResolver-bootstrap-executor-0] c.n.d.s.r.aws.ConfigClusterResolver      : Resolving eureka endpoints via configuration
2018-02-01 16:46:28.504  INFO 2380 --- [AsyncResolver-bootstrap-executor-0] c.n.d.s.r.aws.ConfigClusterResolver      : Resolving eureka endpoints via configuration
2018-02-01 16:51:28.509  INFO 2380 --- [AsyncResolver-bootstrap-executor-0] c.n.d.s.r.aws.ConfigClusterResolver      : Resolving eureka endpoints via configuration
2018-02-01 16:56:28.510  INFO 2380 --- [AsyncResolver-bootstrap-executor-0] c.n.d.s.r.aws.ConfigClusterResolver      : Resolving eureka endpoints via configuration
2018-02-01 17:01:28.519  INFO 2380 --- [AsyncResolver-bootstrap-executor-0] c.n.d.s.r.aws.ConfigClusterResolver      : Resolving eureka endpoints via configuration
2018-02-01 17:06:28.520  INFO 2380 --- [AsyncResolver-bootstrap-executor-0] c.n.d.s.r.aws.ConfigClusterResolver      : Resolving eureka endpoints via configuration
2018-02-01 17:11:28.521  INFO 2380 --- [AsyncResolver-bootstrap-executor-0] c.n.d.s.r.aws.ConfigClusterResolver      : Resolving eureka endpoints via configuration
2018-02-01 17:16:28.529  INFO 2380 --- [AsyncResolver-bootstrap-executor-0] c.n.d.s.r.aws.ConfigClusterResolver      : Resolving eureka endpoints via configuration
2018-02-01 17:21:28.530  INFO 2380 --- [AsyncResolver-bootstrap-executor-0] c.n.d.s.r.aws.ConfigClusterResolver      : Resolving eureka endpoints via configuration
2018-02-01 17:26:28.539  INFO 2380 --- [AsyncResolver-bootstrap-executor-0] c.n.d.s.r.aws.ConfigClusterResolver      : Resolving eureka endpoints via configuration
2018-02-01 17:31:28.542  INFO 2380 --- [AsyncResolver-bootstrap-executor-0] c.n.d.s.r.aws.ConfigClusterResolver      : Resolving eureka endpoints via configuration
2018-02-01 17:36:28.550  INFO 2380 --- [AsyncResolver-bootstrap-executor-0] c.n.d.s.r.aws.ConfigClusterResolver      : Resolving eureka endpoints via configuration
2018-02-01 17:41:28.552  INFO 2380 --- [AsyncResolver-bootstrap-executor-0] c.n.d.s.r.aws.ConfigClusterResolver      : Resolving eureka endpoints via configuration
2018-02-01 17:46:28.554  INFO 2380 --- [AsyncResolver-bootstrap-executor-0] c.n.d.s.r.aws.ConfigClusterResolver      : Resolving eureka endpoints via configuration
2018-02-01 17:51:28.557  INFO 2380 --- [AsyncResolver-bootstrap-executor-0] c.n.d.s.r.aws.ConfigClusterResolver      : Resolving eureka endpoints via configuration
2018-02-01 17:56:28.560  INFO 2380 --- [AsyncResolver-bootstrap-executor-0] c.n.d.s.r.aws.ConfigClusterResolver      : Resolving eureka endpoints via configuration
2018-02-01 18:01:28.563  INFO 2380 --- [AsyncResolver-bootstrap-executor-0] c.n.d.s.r.aws.ConfigClusterResolver      : Resolving eureka endpoints via configuration
2018-02-01 21:05:41.109  INFO 2380 --- [cluster-ClusterId{value='5a72c6fa6890ff094c0de028', description='null'}-192.168.60.21:27017] org.mongodb.driver.cluster               : Exception in monitor thread while connecting to server 192.168.60.21:27017

com.mongodb.MongoSocketOpenException: Exception opening socket
	at com.mongodb.connection.SocketStream.open(SocketStream.java:63) ~[mongodb-driver-core-3.4.3.jar:na]
	at com.mongodb.connection.InternalStreamConnection.open(InternalStreamConnection.java:115) ~[mongodb-driver-core-3.4.3.jar:na]
	at com.mongodb.connection.DefaultServerMonitor$ServerMonitorRunnable.run(DefaultServerMonitor.java:127) ~[mongodb-driver-core-3.4.3.jar:na]
	at java.lang.Thread.run(Thread.java:748) [na:1.8.0_144]
Caused by: java.net.SocketException: Network is unreachable: connect
	at java.net.DualStackPlainSocketImpl.waitForConnect(Native Method) ~[na:1.8.0_144]
	at java.net.DualStackPlainSocketImpl.socketConnect(DualStackPlainSocketImpl.java:85) ~[na:1.8.0_144]
	at java.net.AbstractPlainSocketImpl.doConnect(AbstractPlainSocketImpl.java:350) ~[na:1.8.0_144]
	at java.net.AbstractPlainSocketImpl.connectToAddress(AbstractPlainSocketImpl.java:206) ~[na:1.8.0_144]
	at java.net.AbstractPlainSocketImpl.connect(AbstractPlainSocketImpl.java:188) ~[na:1.8.0_144]
	at java.net.PlainSocketImpl.connect(PlainSocketImpl.java:172) ~[na:1.8.0_144]
	at java.net.SocksSocketImpl.connect(SocksSocketImpl.java:392) ~[na:1.8.0_144]
	at java.net.Socket.connect(Socket.java:589) ~[na:1.8.0_144]
	at com.mongodb.connection.SocketStreamHelper.initialize(SocketStreamHelper.java:57) ~[mongodb-driver-core-3.4.3.jar:na]
	at com.mongodb.connection.SocketStream.open(SocketStream.java:58) ~[mongodb-driver-core-3.4.3.jar:na]
	... 3 common frames omitted

2018-02-02 08:34:15.459  INFO 2380 --- [cluster-ClusterId{value='5a72c6fa6890ff094c0de028', description='null'}-192.168.60.21:27017] org.mongodb.driver.connection            : Opened connection [connectionId{localValue:4, serverValue:337421}] to 192.168.60.21:27017
2018-02-02 08:34:15.462  INFO 2380 --- [cluster-ClusterId{value='5a72c6fa6890ff094c0de028', description='null'}-192.168.60.21:27017] org.mongodb.driver.cluster               : Monitor thread successfully connected to server with description ServerDescription{address=192.168.60.21:27017, type=STANDALONE, state=CONNECTED, ok=true, version=ServerVersion{versionList=[3, 4, 0]}, minWireVersion=0, maxWireVersion=5, maxDocumentSize=16777216, roundTripTimeNanos=1500160}
2018-02-02 08:34:49.405  INFO 2380 --- [AsyncResolver-bootstrap-executor-0] c.n.d.s.r.aws.ConfigClusterResolver      : Resolving eureka endpoints via configuration
2018-02-02 08:39:49.408  INFO 2380 --- [AsyncResolver-bootstrap-executor-0] c.n.d.s.r.aws.ConfigClusterResolver      : Resolving eureka endpoints via configuration
2018-02-02 08:44:49.411  INFO 2380 --- [AsyncResolver-bootstrap-executor-0] c.n.d.s.r.aws.ConfigClusterResolver      : Resolving eureka endpoints via configuration
2018-02-02 08:49:49.413  INFO 2380 --- [AsyncResolver-bootstrap-executor-0] c.n.d.s.r.aws.ConfigClusterResolver      : Resolving eureka endpoints via configuration
2018-02-02 08:54:49.415  INFO 2380 --- [AsyncResolver-bootstrap-executor-0] c.n.d.s.r.aws.ConfigClusterResolver      : Resolving eureka endpoints via configuration
2018-02-02 08:59:49.424  INFO 2380 --- [AsyncResolver-bootstrap-executor-0] c.n.d.s.r.aws.ConfigClusterResolver      : Resolving eureka endpoints via configuration
2018-02-02 09:04:49.426  INFO 2380 --- [AsyncResolver-bootstrap-executor-0] c.n.d.s.r.aws.ConfigClusterResolver      : Resolving eureka endpoints via configuration
2018-02-02 09:09:49.429  INFO 2380 --- [AsyncResolver-bootstrap-executor-0] c.n.d.s.r.aws.ConfigClusterResolver      : Resolving eureka endpoints via configuration
2018-02-02 09:14:49.431  INFO 2380 --- [AsyncResolver-bootstrap-executor-0] c.n.d.s.r.aws.ConfigClusterResolver      : Resolving eureka endpoints via configuration
2018-02-02 09:19:49.432  INFO 2380 --- [AsyncResolver-bootstrap-executor-0] c.n.d.s.r.aws.ConfigClusterResolver      : Resolving eureka endpoints via configuration
2018-02-02 09:24:49.434  INFO 2380 --- [AsyncResolver-bootstrap-executor-0] c.n.d.s.r.aws.ConfigClusterResolver      : Resolving eureka endpoints via configuration
2018-02-02 09:29:49.434  INFO 2380 --- [AsyncResolver-bootstrap-executor-0] c.n.d.s.r.aws.ConfigClusterResolver      : Resolving eureka endpoints via configuration
2018-02-02 09:34:49.437  INFO 2380 --- [AsyncResolver-bootstrap-executor-0] c.n.d.s.r.aws.ConfigClusterResolver      : Resolving eureka endpoints via configuration
2018-02-02 09:39:49.438  INFO 2380 --- [AsyncResolver-bootstrap-executor-0] c.n.d.s.r.aws.ConfigClusterResolver      : Resolving eureka endpoints via configuration
2018-02-02 09:44:49.439  INFO 2380 --- [AsyncResolver-bootstrap-executor-0] c.n.d.s.r.aws.ConfigClusterResolver      : Resolving eureka endpoints via configuration
2018-02-02 09:49:49.440  INFO 2380 --- [AsyncResolver-bootstrap-executor-0] c.n.d.s.r.aws.ConfigClusterResolver      : Resolving eureka endpoints via configuration
2018-02-02 09:54:49.441  INFO 2380 --- [AsyncResolver-bootstrap-executor-0] c.n.d.s.r.aws.ConfigClusterResolver      : Resolving eureka endpoints via configuration
2018-02-02 09:59:49.443  INFO 2380 --- [AsyncResolver-bootstrap-executor-0] c.n.d.s.r.aws.ConfigClusterResolver      : Resolving eureka endpoints via configuration
2018-02-02 10:04:49.444  INFO 2380 --- [AsyncResolver-bootstrap-executor-0] c.n.d.s.r.aws.ConfigClusterResolver      : Resolving eureka endpoints via configuration
2018-02-02 10:09:49.445  INFO 2380 --- [AsyncResolver-bootstrap-executor-0] c.n.d.s.r.aws.ConfigClusterResolver      : Resolving eureka endpoints via configuration
2018-02-02 10:14:49.447  INFO 2380 --- [AsyncResolver-bootstrap-executor-0] c.n.d.s.r.aws.ConfigClusterResolver      : Resolving eureka endpoints via configuration
